  [1m[35m (484.3ms)[0m  [1m[35mCREATE DATABASE "FirstRoutes_development" ENCODING = 'unicode'[0m
  ↳ bin/rails:9
  [1m[35m (252.5ms)[0m  [1m[35mCREATE DATABASE "FirstRoutes_test" ENCODING = 'unicode'[0m
  ↳ bin/rails:9
Started GET "/" for 127.0.0.1 at 2019-01-28 14:30:58 -0800
Processing by Rails::WelcomeController#index as HTML
  Rendering /usr/local/var/rbenv/versions/2.5.0/lib/ruby/gems/2.5.0/gems/railties-5.2.2/lib/rails/templates/rails/welcome/index.html.erb
  Rendered /usr/local/var/rbenv/versions/2.5.0/lib/ruby/gems/2.5.0/gems/railties-5.2.2/lib/rails/templates/rails/welcome/index.html.erb (12.1ms)
Completed 200 OK in 121ms (Views: 56.5ms | ActiveRecord: 0.0ms)


Started GET "/" for 127.0.0.1 at 2019-01-28 14:33:17 -0800
Processing by Rails::WelcomeController#index as */*
  Parameters: {"user"=>{"username"=>"tommy"}}
  Rendering /usr/local/var/rbenv/versions/2.5.0/lib/ruby/gems/2.5.0/gems/railties-5.2.2/lib/rails/templates/rails/welcome/index.html.erb
  Rendered /usr/local/var/rbenv/versions/2.5.0/lib/ruby/gems/2.5.0/gems/railties-5.2.2/lib/rails/templates/rails/welcome/index.html.erb (3.4ms)
Completed 200 OK in 200ms (Views: 55.3ms | ActiveRecord: 0.0ms)


Started GET "/users" for 127.0.0.1 at 2019-01-28 14:34:11 -0800

LoadError - Unable to autoload constant UsersController, expected /Users/appacademy/Desktop/W4D1/FirstRoutes/app/controllers/users_controller.rb to define it:

Started GET "/users" for 127.0.0.1 at 2019-01-28 14:35:33 -0800

AbstractController::ActionNotFound - The action 'index' could not be found for UsersController:

Started GET "/users" for 127.0.0.1 at 2019-01-28 14:36:36 -0800
Processing by UsersController#index as */*
  Parameters: {"user"=>{"username"=>"tommy"}}
No template found for UsersController#index, rendering head :no_content
Completed 204 No Content in 140ms (ActiveRecord: 0.0ms)


Started GET "/users" for 127.0.0.1 at 2019-01-28 14:37:52 -0800
Processing by UsersController#index as */*
  Parameters: {"user"=>{"username"=>"tommy"}}
  Rendering text template
  Rendered text template (0.1ms)
Completed 200 OK in 35ms (Views: 34.8ms | ActiveRecord: 0.0ms)


Started GET "/users?favfood=pizza" for 127.0.0.1 at 2019-01-28 14:39:39 -0800
Processing by UsersController#index as */*
  Parameters: {"user"=>{"username"=>"tommy"}, "favfood"=>"pizza"}
  Rendering text template
  Rendered text template (0.0ms)
Completed 200 OK in 1ms (Views: 0.8ms | ActiveRecord: 0.0ms)


Started POST "/users" for 127.0.0.1 at 2019-01-28 14:42:08 -0800

AbstractController::ActionNotFound - The action 'create' could not be found for UsersController:

Started POST "/users" for 127.0.0.1 at 2019-01-28 14:42:47 -0800
Processing by UsersController#create as */*
  Parameters: {"user"=>{"username"=>"tommy"}}
Completed 200 OK in 21ms (Views: 20.8ms | ActiveRecord: 0.0ms)


Started POST "/users" for 127.0.0.1 at 2019-01-28 14:43:02 -0800
Processing by UsersController#create as */*
Completed 200 OK in 2ms (Views: 0.3ms | ActiveRecord: 0.0ms)


Started POST "/users?fav_food=pizza" for 127.0.0.1 at 2019-01-28 14:43:39 -0800
Processing by UsersController#create as */*
  Parameters: {"fav_food"=>"pizza"}
Completed 200 OK in 4ms (Views: 0.3ms | ActiveRecord: 0.0ms)


Started POST "/users/2" for 127.0.0.1 at 2019-01-28 14:44:31 -0800
  
ActionController::RoutingError (No route matches [POST] "/users/2"):
  
actionpack (5.2.2) lib/action_dispatch/middleware/debug_exceptions.rb:65:in `call'
web-console (3.7.0) lib/web_console/middleware.rb:135:in `call_app'
web-console (3.7.0) lib/web_console/middleware.rb:30:in `block in call'
web-console (3.7.0) lib/web_console/middleware.rb:20:in `catch'
web-console (3.7.0) lib/web_console/middleware.rb:20:in `call'
actionpack (5.2.2) lib/action_dispatch/middleware/show_exceptions.rb:33:in `call'
railties (5.2.2) lib/rails/rack/logger.rb:38:in `call_app'
railties (5.2.2) lib/rails/rack/logger.rb:26:in `block in call'
activesupport (5.2.2) lib/active_support/tagged_logging.rb:71:in `block in tagged'
activesupport (5.2.2) lib/active_support/tagged_logging.rb:28:in `tagged'
activesupport (5.2.2) lib/active_support/tagged_logging.rb:71:in `tagged'
railties (5.2.2) lib/rails/rack/logger.rb:26:in `call'
sprockets-rails (3.2.1) lib/sprockets/rails/quiet_assets.rb:13:in `call'
actionpack (5.2.2) lib/action_dispatch/middleware/remote_ip.rb:81:in `call'
actionpack (5.2.2) lib/action_dispatch/middleware/request_id.rb:27:in `call'
rack (2.0.6) lib/rack/method_override.rb:22:in `call'
rack (2.0.6) lib/rack/runtime.rb:22:in `call'
activesupport (5.2.2) lib/active_support/cache/strategy/local_cache_middleware.rb:29:in `call'
actionpack (5.2.2) lib/action_dispatch/middleware/executor.rb:14:in `call'
actionpack (5.2.2) lib/action_dispatch/middleware/static.rb:127:in `call'
rack (2.0.6) lib/rack/sendfile.rb:111:in `call'
railties (5.2.2) lib/rails/engine.rb:524:in `call'
puma (3.12.0) lib/puma/configuration.rb:225:in `call'
puma (3.12.0) lib/puma/server.rb:658:in `handle_request'
puma (3.12.0) lib/puma/server.rb:472:in `process_client'
puma (3.12.0) lib/puma/server.rb:332:in `block in run'
puma (3.12.0) lib/puma/thread_pool.rb:133:in `block in spawn_thread'
Started GET "/users/2" for 127.0.0.1 at 2019-01-28 14:45:11 -0800

AbstractController::ActionNotFound - The action 'show' could not be found for UsersController:

Started GET "/users/2" for 127.0.0.1 at 2019-01-28 14:45:48 -0800

AbstractController::ActionNotFound - The action 'show' could not be found for UsersController:

Started GET "/users/2" for 127.0.0.1 at 2019-01-28 14:46:12 -0800
Processing by UsersController#show as */*
  Parameters: {"id"=>"2"}
Completed 200 OK in 14ms (Views: 1.1ms | ActiveRecord: 0.0ms)


Started GET "/users/2" for 127.0.0.1 at 2019-01-28 14:48:11 -0800
Processing by UsersController#show as */*
  Parameters: {"user"=>{"drink"=>"rum", "food"=>{"utensil"=>"fork"}}, "like"=>"yeah", "id"=>"2"}
Completed 200 OK in 3ms (Views: 0.7ms | ActiveRecord: 0.0ms)


  [1m[35m (186.6ms)[0m  [1m[35mCREATE TABLE "schema_migrations" ("version" character varying NOT NULL PRIMARY KEY)[0m
  ↳ bin/rails:9
  [1m[35m (20.5ms)[0m  [1m[35mCREATE TABLE "ar_internal_metadata" ("key" character varying NOT NULL PRIMARY KEY, "value" character varying, "created_at" timestamp NOT NULL, "updated_at" timestamp NOT NULL)[0m
  ↳ bin/rails:9
  [1m[35m (8.6ms)[0m  [1m[34mSELECT pg_try_advisory_lock(5947462904764865085)[0m
  ↳ bin/rails:9
  [1m[35m (1.1ms)[0m  [1m[34mSELECT "schema_migrations"."version" FROM "schema_migrations" ORDER BY "schema_migrations"."version" ASC[0m
  ↳ bin/rails:9
Migrating to CreateUsers (20190128225131)
  [1m[35m (0.2ms)[0m  [1m[35mBEGIN[0m
  ↳ bin/rails:9
  [1m[35m (52.9ms)[0m  [1m[35mCREATE TABLE "users" ("id" bigserial primary key, "name" character varying NOT NULL, "email" character varying NOT NULL, "created_at" timestamp NOT NULL, "updated_at" timestamp NOT NULL)[0m
  ↳ db/migrate/20190128225131_create_users.rb:3
  [1m[35m (15.4ms)[0m  [1m[35mCREATE UNIQUE INDEX  "index_users_on_email" ON "users"  ("email")[0m
  ↳ db/migrate/20190128225131_create_users.rb:8
  [1m[35m (3.8ms)[0m  [1m[35mCREATE UNIQUE INDEX  "index_users_on_name" ON "users"  ("name")[0m
  ↳ db/migrate/20190128225131_create_users.rb:9
  [1m[36mActiveRecord::SchemaMigration Create (0.6ms)[0m  [1m[32mINSERT INTO "schema_migrations" ("version") VALUES ($1) RETURNING "version"[0m  [["version", "20190128225131"]]
  ↳ bin/rails:9
  [1m[35m (0.5ms)[0m  [1m[35mCOMMIT[0m
  ↳ bin/rails:9
  [1m[36mActiveRecord::InternalMetadata Load (14.9ms)[0m  [1m[34mSELECT  "ar_internal_metadata".* FROM "ar_internal_metadata" WHERE "ar_internal_metadata"."key" = $1 LIMIT $2[0m  [["key", "environment"], ["LIMIT", 1]]
  ↳ bin/rails:9
  [1m[35m (0.2ms)[0m  [1m[35mBEGIN[0m
  ↳ bin/rails:9
  [1m[36mActiveRecord::InternalMetadata Create (0.6ms)[0m  [1m[32mINSERT INTO "ar_internal_metadata" ("key", "value", "created_at", "updated_at") VALUES ($1, $2, $3, $4) RETURNING "key"[0m  [["key", "environment"], ["value", "development"], ["created_at", "2019-01-28 22:56:45.425383"], ["updated_at", "2019-01-28 22:56:45.425383"]]
  ↳ bin/rails:9
  [1m[35m (0.5ms)[0m  [1m[35mCOMMIT[0m
  ↳ bin/rails:9
  [1m[35m (0.3ms)[0m  [1m[34mSELECT pg_advisory_unlock(5947462904764865085)[0m
  ↳ bin/rails:9
  [1m[35m (0.5ms)[0m  [1m[34mSELECT "schema_migrations"."version" FROM "schema_migrations" ORDER BY "schema_migrations"."version" ASC[0m
  ↳ bin/rails:9
  [1m[35m (10.6ms)[0m  [1m[34mSELECT "schema_migrations"."version" FROM "schema_migrations" ORDER BY "schema_migrations"."version" ASC[0m
  ↳ bin/rails:9
  [1m[35m (0.3ms)[0m  [1m[34mSELECT "schema_migrations"."version" FROM "schema_migrations" ORDER BY "schema_migrations"."version" ASC[0m
  ↳ bin/rails:9
  [1m[35m (0.3ms)[0m  [1m[34mSELECT "schema_migrations"."version" FROM "schema_migrations" ORDER BY "schema_migrations"."version" ASC[0m
  ↳ bin/rails:9
  [1m[35m (0.3ms)[0m  [1m[34mSELECT pg_try_advisory_lock(5947462904764865085)[0m
  ↳ bin/rails:9
  [1m[35m (0.3ms)[0m  [1m[34mSELECT "schema_migrations"."version" FROM "schema_migrations" ORDER BY "schema_migrations"."version" ASC[0m
  ↳ bin/rails:9
Migrating to CreateUsers (20190128225131)
  [1m[35m (0.3ms)[0m  [1m[35mBEGIN[0m
  ↳ bin/rails:9
  [1m[35m (22.2ms)[0m  [1m[35mDROP INDEX  "index_users_on_name"[0m
  ↳ bin/rails:9
  [1m[35m (0.4ms)[0m  [1m[35mDROP INDEX  "index_users_on_email"[0m
  ↳ bin/rails:9
  [1m[35m (33.2ms)[0m  [1m[35mDROP TABLE "users"[0m
  ↳ bin/rails:9
  [1m[36mActiveRecord::SchemaMigration Destroy (0.8ms)[0m  [1m[31mDELETE FROM "schema_migrations" WHERE "schema_migrations"."version" = $1[0m  [["version", "20190128225131"]]
  ↳ bin/rails:9
  [1m[35m (25.8ms)[0m  [1m[35mCOMMIT[0m
  ↳ bin/rails:9
  [1m[35m (0.4ms)[0m  [1m[34mSELECT pg_advisory_unlock(5947462904764865085)[0m
  ↳ bin/rails:9
  [1m[35m (2.1ms)[0m  [1m[34mSELECT "schema_migrations"."version" FROM "schema_migrations" ORDER BY "schema_migrations"."version" ASC[0m
  ↳ bin/rails:9
  [1m[35m (0.4ms)[0m  [1m[34mSELECT pg_try_advisory_lock(5947462904764865085)[0m
  ↳ bin/rails:9
  [1m[35m (0.9ms)[0m  [1m[34mSELECT "schema_migrations"."version" FROM "schema_migrations" ORDER BY "schema_migrations"."version" ASC[0m
  ↳ bin/rails:9
Migrating to CreateUsers (20190128225131)
  [1m[35m (0.2ms)[0m  [1m[35mBEGIN[0m
  ↳ bin/rails:9
  [1m[35m (0.3ms)[0m  [1m[31mROLLBACK[0m
  ↳ bin/rails:9
  [1m[35m (0.6ms)[0m  [1m[34mSELECT pg_advisory_unlock(5947462904764865085)[0m
  ↳ bin/rails:9
  [1m[35m (0.3ms)[0m  [1m[34mSELECT pg_try_advisory_lock(5947462904764865085)[0m
  ↳ bin/rails:9
  [1m[35m (0.9ms)[0m  [1m[34mSELECT "schema_migrations"."version" FROM "schema_migrations" ORDER BY "schema_migrations"."version" ASC[0m
  ↳ bin/rails:9
Migrating to CreateUsers (20190128225131)
  [1m[35m (0.3ms)[0m  [1m[35mBEGIN[0m
  ↳ bin/rails:9
  [1m[35m (28.0ms)[0m  [1m[35mCREATE TABLE "users" ("id" bigserial primary key, "name" character varying NOT NULL, "email" character varying NOT NULL, "created_at" timestamp NOT NULL, "updated_at" timestamp NOT NULL)[0m
  ↳ db/migrate/20190128225131_create_users.rb:3
  [1m[35m (1.3ms)[0m  [1m[35mCREATE UNIQUE INDEX  "index_users_on_email" ON "users"  ("email")[0m
  ↳ db/migrate/20190128225131_create_users.rb:8
  [1m[35m (1.4ms)[0m  [1m[35mCREATE UNIQUE INDEX  "index_users_on_name" ON "users"  ("name")[0m
  ↳ db/migrate/20190128225131_create_users.rb:9
  [1m[36mActiveRecord::SchemaMigration Create (0.7ms)[0m  [1m[32mINSERT INTO "schema_migrations" ("version") VALUES ($1) RETURNING "version"[0m  [["version", "20190128225131"]]
  ↳ bin/rails:9
  [1m[35m (19.2ms)[0m  [1m[35mCOMMIT[0m
  ↳ bin/rails:9
  [1m[36mActiveRecord::InternalMetadata Load (1.1ms)[0m  [1m[34mSELECT  "ar_internal_metadata".* FROM "ar_internal_metadata" WHERE "ar_internal_metadata"."key" = $1 LIMIT $2[0m  [["key", "environment"], ["LIMIT", 1]]
  ↳ bin/rails:9
  [1m[35m (0.2ms)[0m  [1m[35mBEGIN[0m
  ↳ bin/rails:9
  [1m[35m (0.2ms)[0m  [1m[35mCOMMIT[0m
  ↳ bin/rails:9
  [1m[35m (0.3ms)[0m  [1m[34mSELECT pg_advisory_unlock(5947462904764865085)[0m
  ↳ bin/rails:9
  [1m[35m (0.4ms)[0m  [1m[34mSELECT "schema_migrations"."version" FROM "schema_migrations" ORDER BY "schema_migrations"."version" ASC[0m
  ↳ bin/rails:9
  [1m[35m (0.3ms)[0m  [1m[35mBEGIN[0m
  [1m[36mUser Exists (6.7ms)[0m  [1m[34mSELECT  1 AS one FROM "users" WHERE "users"."name" = $1 LIMIT $2[0m  [["name", "Tommy"], ["LIMIT", 1]]
  [1m[36mUser Exists (0.8ms)[0m  [1m[34mSELECT  1 AS one FROM "users" WHERE "users"."email" = $1 LIMIT $2[0m  [["email", "tommy123@gmail.com"], ["LIMIT", 1]]
  [1m[36mUser Create (1.3ms)[0m  [1m[32mINSERT INTO "users" ("id", "name", "email", "created_at", "updated_at") VALUES ($1, $2, $3, $4, $5) RETURNING "id"[0m  [["id", 1], ["name", "Tommy"], ["email", "tommy123@gmail.com"], ["created_at", "2019-01-28 23:16:03.128513"], ["updated_at", "2019-01-28 23:16:03.128513"]]
  [1m[35m (0.6ms)[0m  [1m[35mCOMMIT[0m
  [1m[35m (0.2ms)[0m  [1m[35mBEGIN[0m
  [1m[36mUser Exists (0.7ms)[0m  [1m[34mSELECT  1 AS one FROM "users" WHERE "users"."name" = $1 LIMIT $2[0m  [["name", "Sally"], ["LIMIT", 1]]
  [1m[36mUser Exists (0.4ms)[0m  [1m[34mSELECT  1 AS one FROM "users" WHERE "users"."email" = $1 LIMIT $2[0m  [["email", "sally567@hotmail.com"], ["LIMIT", 1]]
  [1m[36mUser Create (0.5ms)[0m  [1m[32mINSERT INTO "users" ("id", "name", "email", "created_at", "updated_at") VALUES ($1, $2, $3, $4, $5) RETURNING "id"[0m  [["id", 2], ["name", "Sally"], ["email", "sally567@hotmail.com"], ["created_at", "2019-01-28 23:16:09.495266"], ["updated_at", "2019-01-28 23:16:09.495266"]]
  [1m[35m (0.5ms)[0m  [1m[35mCOMMIT[0m
  [1m[36mUser Load (0.5ms)[0m  [1m[34mSELECT "users".* FROM "users"[0m
  [1m[35m (0.2ms)[0m  [1m[35mBEGIN[0m
  [1m[36mUser Exists (1.4ms)[0m  [1m[34mSELECT  1 AS one FROM "users" WHERE "users"."name" = $1 LIMIT $2[0m  [["name", "George"], ["LIMIT", 1]]
  [1m[36mUser Exists (0.6ms)[0m  [1m[34mSELECT  1 AS one FROM "users" WHERE "users"."email" = $1 LIMIT $2[0m  [["email", "curiousgeorge@yahoo.com"], ["LIMIT", 1]]
  [1m[36mUser Create (20.6ms)[0m  [1m[32mINSERT INTO "users" ("name", "email", "created_at", "updated_at") VALUES ($1, $2, $3, $4) RETURNING "id"[0m  [["name", "George"], ["email", "curiousgeorge@yahoo.com"], ["created_at", "2019-01-28 23:17:02.087258"], ["updated_at", "2019-01-28 23:17:02.087258"]]
  [1m[35m (0.3ms)[0m  [1m[31mROLLBACK[0m
  [1m[35m (0.2ms)[0m  [1m[35mBEGIN[0m
  [1m[36mUser Exists (0.7ms)[0m  [1m[34mSELECT  1 AS one FROM "users" WHERE "users"."name" = $1 LIMIT $2[0m  [["name", "George"], ["LIMIT", 1]]
  [1m[36mUser Exists (0.4ms)[0m  [1m[34mSELECT  1 AS one FROM "users" WHERE "users"."email" = $1 LIMIT $2[0m  [["email", "curiousgeorge@yahoo.com"], ["LIMIT", 1]]
  [1m[36mUser Create (0.5ms)[0m  [1m[32mINSERT INTO "users" ("id", "name", "email", "created_at", "updated_at") VALUES ($1, $2, $3, $4, $5) RETURNING "id"[0m  [["id", 3], ["name", "George"], ["email", "curiousgeorge@yahoo.com"], ["created_at", "2019-01-28 23:17:56.226654"], ["updated_at", "2019-01-28 23:17:56.226654"]]
  [1m[35m (0.5ms)[0m  [1m[35mCOMMIT[0m
Started GET "/users/2" for 127.0.0.1 at 2019-01-28 15:18:46 -0800
  [1m[35m (1.2ms)[0m  [1m[34mSELECT "schema_migrations"."version" FROM "schema_migrations" ORDER BY "schema_migrations"."version" ASC[0m
  ↳ /usr/local/var/rbenv/versions/2.5.0/lib/ruby/gems/2.5.0/gems/activerecord-5.2.2/lib/active_record/log_subscriber.rb:98
Processing by UsersController#show as */*
  Parameters: {"user"=>{"drink"=>"rum", "food"=>{"utensil"=>"fork"}}, "like"=>"yeah", "id"=>"2"}
Completed 200 OK in 14ms (Views: 1.1ms | ActiveRecord: 0.0ms)


Started GET "/users/2" for 127.0.0.1 at 2019-01-28 15:19:07 -0800
Processing by UsersController#show as */*
  Parameters: {"id"=>"2"}
Completed 200 OK in 1ms (Views: 0.4ms | ActiveRecord: 0.0ms)


Started GET "/users/2" for 127.0.0.1 at 2019-01-28 15:19:20 -0800
Processing by UsersController#show as */*
  Parameters: {"id"=>"2"}
Completed 200 OK in 1ms (Views: 0.3ms | ActiveRecord: 0.0ms)


Started GET "/users" for 127.0.0.1 at 2019-01-28 15:19:38 -0800
Processing by UsersController#index as */*
  Rendering text template
  Rendered text template (0.0ms)
Completed 200 OK in 84ms (Views: 83.4ms | ActiveRecord: 0.0ms)


Started GET "/users" for 127.0.0.1 at 2019-01-28 15:21:53 -0800
Processing by UsersController#index as */*
  [1m[36mUser Load (1.1ms)[0m  [1m[34mSELECT "users".* FROM "users"[0m
  ↳ app/controllers/users_controller.rb:5
Completed 200 OK in 93ms (Views: 59.6ms | ActiveRecord: 12.6ms)


Started POST "/users?name=Granny&email=grannysmithapple@windows.live" for 127.0.0.1 at 2019-01-28 15:25:36 -0800
Processing by UsersController#create as */*
  Parameters: {"name"=>"Granny", "email"=>"grannysmithapple@windows.live"}
Completed 400 Bad Request in 47ms (ActiveRecord: 0.0ms)



ActionController::ParameterMissing - param is missing or the value is empty: user:
  app/controllers/users_controller.rb:9:in `create'

Started POST "/users?user[name]=Granny&user[email]=grannysmithapple@windows.live" for 127.0.0.1 at 2019-01-28 15:25:57 -0800
Processing by UsersController#create as */*
  Parameters: {"user"=>{"name"=>"Granny", "email"=>"grannysmithapple@windows.live"}}
  [1m[35m (2.9ms)[0m  [1m[35mBEGIN[0m
  ↳ app/controllers/users_controller.rb:10
  [1m[36mUser Exists (0.9ms)[0m  [1m[34mSELECT  1 AS one FROM "users" WHERE "users"."name" = $1 LIMIT $2[0m  [["name", "Granny"], ["LIMIT", 1]]
  ↳ app/controllers/users_controller.rb:10
  [1m[36mUser Exists (0.8ms)[0m  [1m[34mSELECT  1 AS one FROM "users" WHERE "users"."email" = $1 LIMIT $2[0m  [["email", "grannysmithapple@windows.live"], ["LIMIT", 1]]
  ↳ app/controllers/users_controller.rb:10
  [1m[36mUser Create (10.1ms)[0m  [1m[32mINSERT INTO "users" ("name", "email", "created_at", "updated_at") VALUES ($1, $2, $3, $4) RETURNING "id"[0m  [["name", "Granny"], ["email", "grannysmithapple@windows.live"], ["created_at", "2019-01-28 23:25:57.764852"], ["updated_at", "2019-01-28 23:25:57.764852"]]
  ↳ app/controllers/users_controller.rb:10
  [1m[35m (0.2ms)[0m  [1m[31mROLLBACK[0m
  ↳ app/controllers/users_controller.rb:10
Completed 500 Internal Server Error in 128ms (ActiveRecord: 24.8ms)



PG::UniqueViolation - ERROR:  duplicate key value violates unique constraint "users_pkey"
DETAIL:  Key (id)=(2) already exists.
:
  app/controllers/users_controller.rb:10:in `create'

Started POST "/users?:name=Granny&:email=grannysmithapple@windows.live" for 127.0.0.1 at 2019-01-28 15:26:32 -0800
Processing by UsersController#create as */*
  Parameters: {":name"=>"Granny", ":email"=>"grannysmithapple@windows.live"}
Completed 400 Bad Request in 1ms (ActiveRecord: 0.0ms)



ActionController::ParameterMissing - param is missing or the value is empty: user:
  app/controllers/users_controller.rb:9:in `create'

Started POST "/users?:name=Granny&:email=grannysmithapple@windows.live" for 127.0.0.1 at 2019-01-28 15:28:18 -0800
Processing by UsersController#create as */*
  Parameters: {":name"=>"Granny", ":email"=>"grannysmithapple@windows.live"}
Completed 400 Bad Request in 20ms (ActiveRecord: 0.0ms)



ActionController::ParameterMissing - param is missing or the value is empty: user:
  app/controllers/users_controller.rb:9:in `create'

Started POST "/users?:name=Granny&:email=grannysmithapple@windows.live" for 127.0.0.1 at 2019-01-28 15:29:57 -0800
Processing by UsersController#create as */*
  Parameters: {":name"=>"Granny", ":email"=>"grannysmithapple@windows.live"}
Completed 400 Bad Request in 31ms (ActiveRecord: 0.0ms)



ActionController::ParameterMissing - param is missing or the value is empty: user:
  app/controllers/users_controller.rb:22:in `user_params'
  app/controllers/users_controller.rb:9:in `create'

Started POST "/users?:name=Granny&:email=grannysmithapple@windows.live" for 127.0.0.1 at 2019-01-28 15:30:26 -0800
  [1m[35m (1.0ms)[0m  [1m[34mSELECT "schema_migrations"."version" FROM "schema_migrations" ORDER BY "schema_migrations"."version" ASC[0m
  ↳ /usr/local/var/rbenv/versions/2.5.0/lib/ruby/gems/2.5.0/gems/activerecord-5.2.2/lib/active_record/log_subscriber.rb:98
Processing by UsersController#create as */*
  Parameters: {":name"=>"Granny", ":email"=>"grannysmithapple@windows.live"}
Completed 400 Bad Request in 23ms (ActiveRecord: 0.0ms)



ActionController::ParameterMissing - param is missing or the value is empty: user:
  app/controllers/users_controller.rb:22:in `user_params'
  app/controllers/users_controller.rb:9:in `create'

Started POST "/users?name=Granny&email=grannysmithapple@windows.live" for 127.0.0.1 at 2019-01-28 15:31:20 -0800
Processing by UsersController#create as */*
  Parameters: {"name"=>"Granny", "email"=>"grannysmithapple@windows.live"}
Completed 400 Bad Request in 1ms (ActiveRecord: 0.0ms)



ActionController::ParameterMissing - param is missing or the value is empty: user:
  app/controllers/users_controller.rb:22:in `user_params'
  app/controllers/users_controller.rb:9:in `create'

Started POST "/users?:name=Granny&:email=grannysmithapple@windows.live" for 127.0.0.1 at 2019-01-28 15:31:39 -0800
Processing by UsersController#create as */*
  Parameters: {":name"=>"Granny", ":email"=>"grannysmithapple@windows.live"}
Completed 400 Bad Request in 1ms (ActiveRecord: 0.0ms)



ActionController::ParameterMissing - param is missing or the value is empty: user:
  app/controllers/users_controller.rb:22:in `user_params'
  app/controllers/users_controller.rb:9:in `create'

Started POST "/users/" for 127.0.0.1 at 2019-01-28 15:32:09 -0800
Processing by UsersController#create as */*
Completed 400 Bad Request in 1ms (ActiveRecord: 0.0ms)



ActionController::ParameterMissing - param is missing or the value is empty: user:
  app/controllers/users_controller.rb:22:in `user_params'
  app/controllers/users_controller.rb:9:in `create'

Started POST "/users/?:name=Granny&:email=grannysmithapple@windows.live" for 127.0.0.1 at 2019-01-28 15:32:23 -0800
Processing by UsersController#create as */*
  Parameters: {":name"=>"Granny", ":email"=>"grannysmithapple@windows.live"}
Completed 400 Bad Request in 1ms (ActiveRecord: 0.0ms)



ActionController::ParameterMissing - param is missing or the value is empty: user:
  app/controllers/users_controller.rb:22:in `user_params'
  app/controllers/users_controller.rb:9:in `create'

Started POST "/users?:name=Granny&:email=grannysmithapple@windows.live" for 127.0.0.1 at 2019-01-28 15:34:33 -0800
Processing by UsersController#create as */*
  Parameters: {":name"=>"Granny", ":email"=>"grannysmithapple@windows.live"}
Completed 400 Bad Request in 19ms (ActiveRecord: 0.0ms)



ActionController::ParameterMissing - param is missing or the value is empty: user:
  app/controllers/users_controller.rb:28:in `user_params'
  app/controllers/users_controller.rb:9:in `create'

Started POST "/users?:name=Granny&:email=grannysmithapple@windows.live" for 127.0.0.1 at 2019-01-28 15:35:21 -0800
  [1m[35m (1.0ms)[0m  [1m[34mSELECT "schema_migrations"."version" FROM "schema_migrations" ORDER BY "schema_migrations"."version" ASC[0m
  ↳ /usr/local/var/rbenv/versions/2.5.0/lib/ruby/gems/2.5.0/gems/activerecord-5.2.2/lib/active_record/log_subscriber.rb:98
Processing by UsersController#create as */*
  Parameters: {":name"=>"Granny", ":email"=>"grannysmithapple@windows.live"}
Completed 400 Bad Request in 32ms (ActiveRecord: 0.0ms)



ActionController::ParameterMissing - param is missing or the value is empty: user:
  app/controllers/users_controller.rb:28:in `user_params'
  app/controllers/users_controller.rb:9:in `create'

  [1m[36mUser Load (0.9ms)[0m  [1m[34mSELECT "users".* FROM "users"[0m
  [1m[36mUser Load (0.7ms)[0m  [1m[34mSELECT  "users".* FROM "users" WHERE "users"."id" = $1 LIMIT $2[0m  [["id", 1], ["LIMIT", 1]]
  [1m[35m (0.6ms)[0m  [1m[35mBEGIN[0m
  [1m[36mUser Destroy (0.6ms)[0m  [1m[31mDELETE FROM "users" WHERE "users"."id" = $1[0m  [["id", 1]]
  [1m[35m (9.5ms)[0m  [1m[35mCOMMIT[0m
  [1m[35m (0.2ms)[0m  [1m[35mBEGIN[0m
  [1m[36mUser Destroy (0.4ms)[0m  [1m[31mDELETE FROM "users" WHERE "users"."id" = $1[0m  [["id", 1]]
  [1m[35m (0.2ms)[0m  [1m[35mCOMMIT[0m
  [1m[35m (0.1ms)[0m  [1m[35mBEGIN[0m
  [1m[36mUser Destroy (0.4ms)[0m  [1m[31mDELETE FROM "users" WHERE "users"."id" = $1[0m  [["id", 2]]
  [1m[35m (0.4ms)[0m  [1m[35mCOMMIT[0m
  [1m[35m (0.1ms)[0m  [1m[35mBEGIN[0m
  [1m[36mUser Destroy (0.4ms)[0m  [1m[31mDELETE FROM "users" WHERE "users"."id" = $1[0m  [["id", 3]]
  [1m[35m (3.7ms)[0m  [1m[35mCOMMIT[0m
  [1m[36mUser Load (0.6ms)[0m  [1m[34mSELECT "users".* FROM "users"[0m
  [1m[35m (0.3ms)[0m  [1m[35mBEGIN[0m
  [1m[36mUser Exists (1.1ms)[0m  [1m[34mSELECT  1 AS one FROM "users" WHERE "users"."name" = $1 LIMIT $2[0m  [["name", "Tommy"], ["LIMIT", 1]]
  [1m[36mUser Exists (0.4ms)[0m  [1m[34mSELECT  1 AS one FROM "users" WHERE "users"."email" = $1 LIMIT $2[0m  [["email", "tommy123@gmail.com"], ["LIMIT", 1]]
  [1m[36mUser Create (0.9ms)[0m  [1m[32mINSERT INTO "users" ("name", "email", "created_at", "updated_at") VALUES ($1, $2, $3, $4) RETURNING "id"[0m  [["name", "Tommy"], ["email", "tommy123@gmail.com"], ["created_at", "2019-01-28 23:39:30.200997"], ["updated_at", "2019-01-28 23:39:30.200997"]]
  [1m[35m (1.2ms)[0m  [1m[35mCOMMIT[0m
  [1m[35m (0.2ms)[0m  [1m[35mBEGIN[0m
  [1m[36mUser Exists (0.4ms)[0m  [1m[34mSELECT  1 AS one FROM "users" WHERE "users"."name" = $1 LIMIT $2[0m  [["name", "Sally"], ["LIMIT", 1]]
  [1m[36mUser Exists (0.3ms)[0m  [1m[34mSELECT  1 AS one FROM "users" WHERE "users"."email" = $1 LIMIT $2[0m  [["email", "sally567@gmail.com"], ["LIMIT", 1]]
  [1m[36mUser Create (0.4ms)[0m  [1m[32mINSERT INTO "users" ("name", "email", "created_at", "updated_at") VALUES ($1, $2, $3, $4) RETURNING "id"[0m  [["name", "Sally"], ["email", "sally567@gmail.com"], ["created_at", "2019-01-28 23:39:39.775319"], ["updated_at", "2019-01-28 23:39:39.775319"]]
  [1m[35m (0.4ms)[0m  [1m[35mCOMMIT[0m
  [1m[35m (0.2ms)[0m  [1m[35mBEGIN[0m
  [1m[36mUser Exists (2.2ms)[0m  [1m[34mSELECT  1 AS one FROM "users" WHERE "users"."name" = $1 LIMIT $2[0m  [["name", "George"], ["LIMIT", 1]]
  [1m[36mUser Exists (0.5ms)[0m  [1m[34mSELECT  1 AS one FROM "users" WHERE "users"."email" = $1 LIMIT $2[0m  [["email", "curiousgeorge@ghotmail.com"], ["LIMIT", 1]]
  [1m[36mUser Create (0.6ms)[0m  [1m[32mINSERT INTO "users" ("name", "email", "created_at", "updated_at") VALUES ($1, $2, $3, $4) RETURNING "id"[0m  [["name", "George"], ["email", "curiousgeorge@ghotmail.com"], ["created_at", "2019-01-28 23:39:44.737655"], ["updated_at", "2019-01-28 23:39:44.737655"]]
  [1m[35m (0.4ms)[0m  [1m[35mCOMMIT[0m
  [1m[36mUser Load (0.5ms)[0m  [1m[34mSELECT "users".* FROM "users"[0m
Started POST "/users?:name=Granny&:email=grannysmithapple@windows.live" for 127.0.0.1 at 2019-01-28 15:40:37 -0800
  [1m[35m (1.0ms)[0m  [1m[34mSELECT "schema_migrations"."version" FROM "schema_migrations" ORDER BY "schema_migrations"."version" ASC[0m
  ↳ /usr/local/var/rbenv/versions/2.5.0/lib/ruby/gems/2.5.0/gems/activerecord-5.2.2/lib/active_record/log_subscriber.rb:98
Processing by UsersController#create as */*
  Parameters: {":name"=>"Granny", ":email"=>"grannysmithapple@windows.live"}
Completed 400 Bad Request in 31ms (ActiveRecord: 0.0ms)



ActionController::ParameterMissing - param is missing or the value is empty: user:
  app/controllers/users_controller.rb:28:in `user_params'
  app/controllers/users_controller.rb:9:in `create'

Started POST "/users?user[:name]=Granny&user[:email]=grannysmithapple@windows.live" for 127.0.0.1 at 2019-01-28 15:41:13 -0800
Processing by UsersController#create as */*
  Parameters: {"user"=>{":name"=>"Granny", ":email"=>"grannysmithapple@windows.live"}}
Unpermitted parameters: ::name, ::email
  [1m[35m (0.3ms)[0m  [1m[35mBEGIN[0m
  ↳ app/controllers/users_controller.rb:12
  [1m[36mUser Exists (0.8ms)[0m  [1m[34mSELECT  1 AS one FROM "users" WHERE "users"."name" IS NULL LIMIT $1[0m  [["LIMIT", 1]]
  ↳ app/controllers/users_controller.rb:12
  [1m[36mUser Exists (0.5ms)[0m  [1m[34mSELECT  1 AS one FROM "users" WHERE "users"."email" IS NULL LIMIT $1[0m  [["LIMIT", 1]]
  ↳ app/controllers/users_controller.rb:12
  [1m[35m (0.5ms)[0m  [1m[31mROLLBACK[0m
  ↳ app/controllers/users_controller.rb:12
Completed 500 Internal Server Error in 431ms (ActiveRecord: 17.5ms)



NameError - undefined local variable or method `users' for #<UsersController:0x00007f89ea773280>
Did you mean?  user:
  app/controllers/users_controller.rb:15:in `create'

Started POST "/users?user[:name]=Granny&user[:email]=grannysmithapple@windows.live" for 127.0.0.1 at 2019-01-28 15:41:37 -0800
Processing by UsersController#create as */*
  Parameters: {"user"=>{":name"=>"Granny", ":email"=>"grannysmithapple@windows.live"}}
Unpermitted parameters: ::name, ::email
  [1m[35m (0.2ms)[0m  [1m[35mBEGIN[0m
  ↳ app/controllers/users_controller.rb:12
  [1m[36mUser Exists (0.5ms)[0m  [1m[34mSELECT  1 AS one FROM "users" WHERE "users"."name" IS NULL LIMIT $1[0m  [["LIMIT", 1]]
  ↳ app/controllers/users_controller.rb:12
  [1m[36mUser Exists (0.4ms)[0m  [1m[34mSELECT  1 AS one FROM "users" WHERE "users"."email" IS NULL LIMIT $1[0m  [["LIMIT", 1]]
  ↳ app/controllers/users_controller.rb:12
  [1m[35m (0.2ms)[0m  [1m[31mROLLBACK[0m
  ↳ app/controllers/users_controller.rb:12
Completed 200 OK in 48ms (Views: 0.4ms | ActiveRecord: 7.1ms)


Started POST "/users?user[:name]=Granny&user[:email]=grannysmithapple@windows.live" for 127.0.0.1 at 2019-01-28 15:50:42 -0800
Processing by UsersController#create as */*
  Parameters: {"user"=>{":name"=>"Granny", ":email"=>"grannysmithapple@windows.live"}}
Unpermitted parameters: ::name, ::email
  [1m[35m (0.2ms)[0m  [1m[35mBEGIN[0m
  ↳ app/controllers/users_controller.rb:12
  [1m[36mUser Exists (2.0ms)[0m  [1m[34mSELECT  1 AS one FROM "users" WHERE "users"."name" IS NULL LIMIT $1[0m  [["LIMIT", 1]]
  ↳ app/controllers/users_controller.rb:12
  [1m[36mUser Exists (1.0ms)[0m  [1m[34mSELECT  1 AS one FROM "users" WHERE "users"."email" IS NULL LIMIT $1[0m  [["LIMIT", 1]]
  ↳ app/controllers/users_controller.rb:12
  [1m[35m (1.1ms)[0m  [1m[31mROLLBACK[0m
  ↳ app/controllers/users_controller.rb:12
Completed 422 Unprocessable Entity in 72ms (ActiveRecord: 17.2ms)



ActiveRecord::RecordInvalid - Validation failed: Name can't be blank, Email can't be blank:
  app/controllers/users_controller.rb:12:in `create'

Started POST "/users?user[:name]=Granny&user[:email]=grannysmithapple@windows.live" for 127.0.0.1 at 2019-01-28 15:55:24 -0800
Processing by UsersController#create as */*
  Parameters: {"user"=>{":name"=>"Granny", ":email"=>"grannysmithapple@windows.live"}}
Unpermitted parameters: ::name, ::email
  [1m[35m (0.2ms)[0m  [1m[35mBEGIN[0m
  ↳ app/controllers/users_controller.rb:12
  [1m[36mUser Exists (1.9ms)[0m  [1m[34mSELECT  1 AS one FROM "users" WHERE "users"."name" IS NULL LIMIT $1[0m  [["LIMIT", 1]]
  ↳ app/controllers/users_controller.rb:12
  [1m[36mUser Exists (0.6ms)[0m  [1m[34mSELECT  1 AS one FROM "users" WHERE "users"."email" IS NULL LIMIT $1[0m  [["LIMIT", 1]]
  ↳ app/controllers/users_controller.rb:12
  [1m[35m (0.2ms)[0m  [1m[31mROLLBACK[0m
  ↳ app/controllers/users_controller.rb:12
Completed 200 OK in 57ms (Views: 0.2ms | ActiveRecord: 12.3ms)


Started POST "/users?user[name]=Granny&user[email]=grannysmithapple@windows.live" for 127.0.0.1 at 2019-01-28 15:57:39 -0800
Processing by UsersController#create as */*
  Parameters: {"user"=>{"name"=>"Granny", "email"=>"grannysmithapple@windows.live"}}
  [1m[35m (0.3ms)[0m  [1m[35mBEGIN[0m
  ↳ app/controllers/users_controller.rb:12
  [1m[36mUser Exists (1.6ms)[0m  [1m[34mSELECT  1 AS one FROM "users" WHERE "users"."name" = $1 LIMIT $2[0m  [["name", "Granny"], ["LIMIT", 1]]
  ↳ app/controllers/users_controller.rb:12
  [1m[36mUser Exists (1.7ms)[0m  [1m[34mSELECT  1 AS one FROM "users" WHERE "users"."email" = $1 LIMIT $2[0m  [["email", "grannysmithapple@windows.live"], ["LIMIT", 1]]
  ↳ app/controllers/users_controller.rb:12
  [1m[36mUser Create (1.3ms)[0m  [1m[32mINSERT INTO "users" ("name", "email", "created_at", "updated_at") VALUES ($1, $2, $3, $4) RETURNING "id"[0m  [["name", "Granny"], ["email", "grannysmithapple@windows.live"], ["created_at", "2019-01-28 23:57:39.686313"], ["updated_at", "2019-01-28 23:57:39.686313"]]
  ↳ app/controllers/users_controller.rb:12
  [1m[35m (44.6ms)[0m  [1m[35mCOMMIT[0m
  ↳ app/controllers/users_controller.rb:12
Completed 200 OK in 61ms (Views: 1.0ms | ActiveRecord: 49.6ms)


Started GET "/users/6" for 127.0.0.1 at 2019-01-28 16:01:48 -0800
Processing by UsersController#show as */*
  Parameters: {"id"=>"6"}
Completed 200 OK in 1ms (Views: 0.3ms | ActiveRecord: 0.0ms)


Started POST "/users?user[name]=rayyan&user[email]=rayyan@aol.com" for 127.0.0.1 at 2019-01-28 16:02:56 -0800
Processing by UsersController#create as */*
  Parameters: {"user"=>{"name"=>"rayyan", "email"=>"rayyan@aol.com"}}
  [1m[35m (3.0ms)[0m  [1m[35mBEGIN[0m
  ↳ app/controllers/users_controller.rb:12
  [1m[36mUser Exists (0.7ms)[0m  [1m[34mSELECT  1 AS one FROM "users" WHERE "users"."name" = $1 LIMIT $2[0m  [["name", "rayyan"], ["LIMIT", 1]]
  ↳ app/controllers/users_controller.rb:12
  [1m[36mUser Exists (0.6ms)[0m  [1m[34mSELECT  1 AS one FROM "users" WHERE "users"."email" = $1 LIMIT $2[0m  [["email", "rayyan@aol.com"], ["LIMIT", 1]]
  ↳ app/controllers/users_controller.rb:12
  [1m[36mUser Create (1.9ms)[0m  [1m[32mINSERT INTO "users" ("name", "email", "created_at", "updated_at") VALUES ($1, $2, $3, $4) RETURNING "id"[0m  [["name", "rayyan"], ["email", "rayyan@aol.com"], ["created_at", "2019-01-29 00:02:56.448786"], ["updated_at", "2019-01-29 00:02:56.448786"]]
  ↳ app/controllers/users_controller.rb:12
  [1m[35m (0.8ms)[0m  [1m[35mCOMMIT[0m
  ↳ app/controllers/users_controller.rb:12
Completed 200 OK in 16ms (Views: 0.8ms | ActiveRecord: 7.1ms)


Started POST "/users?user[name]=rayyan" for 127.0.0.1 at 2019-01-28 16:04:30 -0800
Processing by UsersController#create as */*
  Parameters: {"user"=>{"name"=>"rayyan"}}
  [1m[35m (0.2ms)[0m  [1m[35mBEGIN[0m
  ↳ app/controllers/users_controller.rb:12
  [1m[36mUser Exists (0.8ms)[0m  [1m[34mSELECT  1 AS one FROM "users" WHERE "users"."name" = $1 LIMIT $2[0m  [["name", "rayyan"], ["LIMIT", 1]]
  ↳ app/controllers/users_controller.rb:12
  [1m[36mUser Exists (0.7ms)[0m  [1m[34mSELECT  1 AS one FROM "users" WHERE "users"."email" IS NULL LIMIT $1[0m  [["LIMIT", 1]]
  ↳ app/controllers/users_controller.rb:12
  [1m[35m (0.7ms)[0m  [1m[31mROLLBACK[0m
  ↳ app/controllers/users_controller.rb:12
Completed 200 OK in 13ms (Views: 0.3ms | ActiveRecord: 2.3ms)


Started POST "/users?user[name]=notgonnawork" for 127.0.0.1 at 2019-01-28 16:06:38 -0800
Processing by UsersController#create as */*
  Parameters: {"user"=>{"name"=>"notgonnawork"}}
  [1m[35m (0.3ms)[0m  [1m[35mBEGIN[0m
  ↳ app/controllers/users_controller.rb:12
  [1m[36mUser Exists (0.6ms)[0m  [1m[34mSELECT  1 AS one FROM "users" WHERE "users"."name" = $1 LIMIT $2[0m  [["name", "notgonnawork"], ["LIMIT", 1]]
  ↳ app/controllers/users_controller.rb:12
  [1m[36mUser Exists (0.6ms)[0m  [1m[34mSELECT  1 AS one FROM "users" WHERE "users"."email" IS NULL LIMIT $1[0m  [["LIMIT", 1]]
  ↳ app/controllers/users_controller.rb:12
  [1m[35m (0.2ms)[0m  [1m[31mROLLBACK[0m
  ↳ app/controllers/users_controller.rb:12
Completed 422 Unprocessable Entity in 58ms (Views: 0.6ms | ActiveRecord: 14.1ms)


Started POST "/users?user[name]=Granny" for 127.0.0.1 at 2019-01-28 16:07:11 -0800
Processing by UsersController#create as */*
  Parameters: {"user"=>{"name"=>"Granny"}}
  [1m[35m (0.4ms)[0m  [1m[35mBEGIN[0m
  ↳ app/controllers/users_controller.rb:12
  [1m[36mUser Exists (1.3ms)[0m  [1m[34mSELECT  1 AS one FROM "users" WHERE "users"."name" = $1 LIMIT $2[0m  [["name", "Granny"], ["LIMIT", 1]]
  ↳ app/controllers/users_controller.rb:12
  [1m[36mUser Exists (1.1ms)[0m  [1m[34mSELECT  1 AS one FROM "users" WHERE "users"."email" IS NULL LIMIT $1[0m  [["LIMIT", 1]]
  ↳ app/controllers/users_controller.rb:12
  [1m[35m (0.3ms)[0m  [1m[31mROLLBACK[0m
  ↳ app/controllers/users_controller.rb:12
Completed 422 Unprocessable Entity in 24ms (Views: 1.7ms | ActiveRecord: 3.1ms)


Started GET "/users/6" for 127.0.0.1 at 2019-01-28 16:08:41 -0800
Processing by UsersController#show as */*
  Parameters: {"id"=>"6"}
  [1m[36mUser Load (0.5ms)[0m  [1m[34mSELECT  "users".* FROM "users" WHERE "users"."id" = $1 LIMIT $2[0m  [["id", 6], ["LIMIT", 1]]
  ↳ app/controllers/users_controller.rb:22
Completed 200 OK in 65ms (Views: 1.6ms | ActiveRecord: 6.8ms)


Started GET "/users/1" for 127.0.0.1 at 2019-01-28 16:08:48 -0800
Processing by UsersController#show as */*
  Parameters: {"id"=>"1"}
  [1m[36mUser Load (3.1ms)[0m  [1m[34mSELECT  "users".* FROM "users" WHERE "users"."id" = $1 LIMIT $2[0m  [["id", 1], ["LIMIT", 1]]
  ↳ app/controllers/users_controller.rb:22
Completed 404 Not Found in 8ms (ActiveRecord: 3.1ms)



ActiveRecord::RecordNotFound - Couldn't find User with 'id'=1:
  app/controllers/users_controller.rb:22:in `show'

Started GET "/users/2" for 127.0.0.1 at 2019-01-28 16:08:54 -0800
Processing by UsersController#show as */*
  Parameters: {"id"=>"2"}
  [1m[36mUser Load (1.0ms)[0m  [1m[34mSELECT  "users".* FROM "users" WHERE "users"."id" = $1 LIMIT $2[0m  [["id", 2], ["LIMIT", 1]]
  ↳ app/controllers/users_controller.rb:22
Completed 404 Not Found in 5ms (ActiveRecord: 1.0ms)



ActiveRecord::RecordNotFound - Couldn't find User with 'id'=2:
  app/controllers/users_controller.rb:22:in `show'

Started GET "/users/3" for 127.0.0.1 at 2019-01-28 16:08:58 -0800
Processing by UsersController#show as */*
  Parameters: {"id"=>"3"}
  [1m[36mUser Load (2.3ms)[0m  [1m[34mSELECT  "users".* FROM "users" WHERE "users"."id" = $1 LIMIT $2[0m  [["id", 3], ["LIMIT", 1]]
  ↳ app/controllers/users_controller.rb:22
Completed 200 OK in 5ms (Views: 0.6ms | ActiveRecord: 2.3ms)


Started PATCH "/users/3?user[email]=tommyboy@windows.com" for 127.0.0.1 at 2019-01-28 16:10:50 -0800
Processing by UsersController#update as */*
  Parameters: {"user"=>{"email"=>"tommyboy@windows.com"}, "id"=>"3"}
  [1m[36mUser Load (0.4ms)[0m  [1m[34mSELECT  "users".* FROM "users" WHERE "users"."id" = $1 LIMIT $2[0m  [["id", 3], ["LIMIT", 1]]
  ↳ app/controllers/users_controller.rb:28
  [1m[35m (0.2ms)[0m  [1m[35mBEGIN[0m
  ↳ app/controllers/users_controller.rb:30
  [1m[36mUser Exists (1.4ms)[0m  [1m[34mSELECT  1 AS one FROM "users" WHERE "users"."name" = $1 AND "users"."id" != $2 LIMIT $3[0m  [["name", "Tommy"], ["id", 3], ["LIMIT", 1]]
  ↳ app/controllers/users_controller.rb:30
  [1m[36mUser Exists (0.9ms)[0m  [1m[34mSELECT  1 AS one FROM "users" WHERE "users"."email" = $1 AND "users"."id" != $2 LIMIT $3[0m  [["email", "tommyboy@windows.com"], ["id", 3], ["LIMIT", 1]]
  ↳ app/controllers/users_controller.rb:30
  [1m[36mUser Update (0.7ms)[0m  [1m[33mUPDATE "users" SET "email" = $1, "updated_at" = $2 WHERE "users"."id" = $3[0m  [["email", "tommyboy@windows.com"], ["updated_at", "2019-01-29 00:10:50.938728"], ["id", 3]]
  ↳ app/controllers/users_controller.rb:30
  [1m[35m (0.5ms)[0m  [1m[35mCOMMIT[0m
  ↳ app/controllers/users_controller.rb:30
Completed 200 OK in 47ms (Views: 1.0ms | ActiveRecord: 9.6ms)


Started DELETE "/users/5" for 127.0.0.1 at 2019-01-28 16:12:01 -0800
Processing by UsersController#destroy as */*
  Parameters: {"id"=>"5"}
  [1m[36mUser Load (0.4ms)[0m  [1m[34mSELECT  "users".* FROM "users" WHERE "users"."id" = $1 LIMIT $2[0m  [["id", 5], ["LIMIT", 1]]
  ↳ app/controllers/users_controller.rb:39
  [1m[35m (0.2ms)[0m  [1m[35mBEGIN[0m
  ↳ app/controllers/users_controller.rb:41
  [1m[36mUser Destroy (0.5ms)[0m  [1m[31mDELETE FROM "users" WHERE "users"."id" = $1[0m  [["id", 5]]
  ↳ app/controllers/users_controller.rb:41
  [1m[35m (0.4ms)[0m  [1m[35mCOMMIT[0m
  ↳ app/controllers/users_controller.rb:41
Completed 200 OK in 48ms (Views: 0.5ms | ActiveRecord: 7.1ms)


Started GET "/users/5" for 127.0.0.1 at 2019-01-28 16:12:07 -0800
Processing by UsersController#show as */*
  Parameters: {"id"=>"5"}
  [1m[36mUser Load (0.4ms)[0m  [1m[34mSELECT  "users".* FROM "users" WHERE "users"."id" = $1 LIMIT $2[0m  [["id", 5], ["LIMIT", 1]]
  ↳ app/controllers/users_controller.rb:22
Completed 404 Not Found in 3ms (ActiveRecord: 0.4ms)



ActiveRecord::RecordNotFound - Couldn't find User with 'id'=5:
  app/controllers/users_controller.rb:22:in `show'

  [1m[35m (1.1ms)[0m  [1m[34mSELECT "schema_migrations"."version" FROM "schema_migrations" ORDER BY "schema_migrations"."version" ASC[0m
  ↳ bin/rails:9
  [1m[35m (0.3ms)[0m  [1m[34mSELECT "schema_migrations"."version" FROM "schema_migrations" ORDER BY "schema_migrations"."version" ASC[0m
  ↳ bin/rails:9
  [1m[35m (0.3ms)[0m  [1m[34mSELECT "schema_migrations"."version" FROM "schema_migrations" ORDER BY "schema_migrations"."version" ASC[0m
  ↳ bin/rails:9
  [1m[35m (0.4ms)[0m  [1m[34mSELECT pg_try_advisory_lock(5947462904764865085)[0m
  ↳ bin/rails:9
  [1m[35m (0.3ms)[0m  [1m[34mSELECT "schema_migrations"."version" FROM "schema_migrations" ORDER BY "schema_migrations"."version" ASC[0m
  ↳ bin/rails:9
Migrating to CreateUsers (20190128225131)
  [1m[35m (0.3ms)[0m  [1m[35mBEGIN[0m
  ↳ bin/rails:9
  [1m[35m (1.5ms)[0m  [1m[35mDROP INDEX  "index_users_on_name"[0m
  ↳ bin/rails:9
  [1m[35m (0.6ms)[0m  [1m[35mDROP INDEX  "index_users_on_email"[0m
  ↳ bin/rails:9
  [1m[35m (2.1ms)[0m  [1m[35mDROP TABLE "users"[0m
  ↳ bin/rails:9
  [1m[36mActiveRecord::SchemaMigration Destroy (0.8ms)[0m  [1m[31mDELETE FROM "schema_migrations" WHERE "schema_migrations"."version" = $1[0m  [["version", "20190128225131"]]
  ↳ bin/rails:9
  [1m[35m (40.6ms)[0m  [1m[35mCOMMIT[0m
  ↳ bin/rails:9
  [1m[35m (0.4ms)[0m  [1m[34mSELECT pg_advisory_unlock(5947462904764865085)[0m
  ↳ bin/rails:9
  [1m[35m (0.3ms)[0m  [1m[34mSELECT "schema_migrations"."version" FROM "schema_migrations" ORDER BY "schema_migrations"."version" ASC[0m
  ↳ bin/rails:9
  [1m[35m (0.3ms)[0m  [1m[34mSELECT pg_try_advisory_lock(5947462904764865085)[0m
  ↳ bin/rails:9
  [1m[35m (0.9ms)[0m  [1m[34mSELECT "schema_migrations"."version" FROM "schema_migrations" ORDER BY "schema_migrations"."version" ASC[0m
  ↳ bin/rails:9
Migrating to CreateUsers (20190128225131)
  [1m[35m (0.3ms)[0m  [1m[35mBEGIN[0m
  ↳ bin/rails:9
  [1m[35m (7.2ms)[0m  [1m[35mCREATE TABLE "users" ("id" bigserial primary key, "username" character varying NOT NULL, "created_at" timestamp NOT NULL, "updated_at" timestamp NOT NULL)[0m
  ↳ db/migrate/20190128225131_create_users.rb:3
  [1m[35m (2.7ms)[0m  [1m[35mCREATE UNIQUE INDEX  "index_users_on_username" ON "users"  ("username")[0m
  ↳ db/migrate/20190128225131_create_users.rb:7
  [1m[36mActiveRecord::SchemaMigration Create (1.0ms)[0m  [1m[32mINSERT INTO "schema_migrations" ("version") VALUES ($1) RETURNING "version"[0m  [["version", "20190128225131"]]
  ↳ bin/rails:9
  [1m[35m (1.3ms)[0m  [1m[35mCOMMIT[0m
  ↳ bin/rails:9
  [1m[36mActiveRecord::InternalMetadata Load (0.9ms)[0m  [1m[34mSELECT  "ar_internal_metadata".* FROM "ar_internal_metadata" WHERE "ar_internal_metadata"."key" = $1 LIMIT $2[0m  [["key", "environment"], ["LIMIT", 1]]
  ↳ bin/rails:9
  [1m[35m (0.2ms)[0m  [1m[35mBEGIN[0m
  ↳ bin/rails:9
  [1m[35m (0.2ms)[0m  [1m[35mCOMMIT[0m
  ↳ bin/rails:9
  [1m[35m (0.3ms)[0m  [1m[34mSELECT pg_advisory_unlock(5947462904764865085)[0m
  ↳ bin/rails:9
  [1m[35m (0.3ms)[0m  [1m[34mSELECT "schema_migrations"."version" FROM "schema_migrations" ORDER BY "schema_migrations"."version" ASC[0m
  ↳ bin/rails:9
  [1m[35m (1.0ms)[0m  [1m[34mSELECT "schema_migrations"."version" FROM "schema_migrations" ORDER BY "schema_migrations"."version" ASC[0m
  ↳ /usr/local/var/rbenv/versions/2.5.0/bin/annotate:23
  [1m[35m (0.3ms)[0m  [1m[34mSELECT pg_try_advisory_lock(5947462904764865085)[0m
  ↳ bin/rails:9
  [1m[35m (1.0ms)[0m  [1m[34mSELECT "schema_migrations"."version" FROM "schema_migrations" ORDER BY "schema_migrations"."version" ASC[0m
  ↳ bin/rails:9
Migrating to CreateArtworks (20190129001844)
  [1m[35m (0.2ms)[0m  [1m[35mBEGIN[0m
  ↳ bin/rails:9
  [1m[35m (41.6ms)[0m  [1m[35mCREATE TABLE "artworks" ("id" bigserial primary key, "title" character varying NOT NULL, "image_url" character varying NOT NULL, "artist_id" integer NOT NULL, "created_at" timestamp NOT NULL, "updated_at" timestamp NOT NULL)[0m
  ↳ db/migrate/20190129001844_create_artworks.rb:3
  [1m[35m (1.4ms)[0m  [1m[35mCREATE UNIQUE INDEX  "index_artworks_on_artist_id_and_title" ON "artworks"  ("artist_id", "title")[0m
  ↳ db/migrate/20190129001844_create_artworks.rb:9
  [1m[36mActiveRecord::SchemaMigration Create (0.8ms)[0m  [1m[32mINSERT INTO "schema_migrations" ("version") VALUES ($1) RETURNING "version"[0m  [["version", "20190129001844"]]
  ↳ bin/rails:9
  [1m[35m (20.6ms)[0m  [1m[35mCOMMIT[0m
  ↳ bin/rails:9
Migrating to CreateArtworkShares (20190129001913)
  [1m[35m (0.3ms)[0m  [1m[35mBEGIN[0m
  ↳ bin/rails:9
  [1m[35m (10.3ms)[0m  [1m[35mCREATE TABLE "artwork_shares" ("id" bigserial primary key, "artwork_id" integer NOT NULL, "viewer_id" integer NOT NULL, "created_at" timestamp NOT NULL, "updated_at" timestamp NOT NULL)[0m
  ↳ db/migrate/20190129001913_create_artwork_shares.rb:3
  [1m[35m (11.7ms)[0m  [1m[35mCREATE UNIQUE INDEX  "index_artwork_shares_on_viewer_id_and_artwork_id" ON "artwork_shares"  ("viewer_id", "artwork_id")[0m
  ↳ db/migrate/20190129001913_create_artwork_shares.rb:9
  [1m[36mActiveRecord::SchemaMigration Create (0.4ms)[0m  [1m[32mINSERT INTO "schema_migrations" ("version") VALUES ($1) RETURNING "version"[0m  [["version", "20190129001913"]]
  ↳ bin/rails:9
  [1m[35m (0.7ms)[0m  [1m[35mCOMMIT[0m
  ↳ bin/rails:9
  [1m[36mActiveRecord::InternalMetadata Load (0.6ms)[0m  [1m[34mSELECT  "ar_internal_metadata".* FROM "ar_internal_metadata" WHERE "ar_internal_metadata"."key" = $1 LIMIT $2[0m  [["key", "environment"], ["LIMIT", 1]]
  ↳ bin/rails:9
  [1m[35m (0.2ms)[0m  [1m[35mBEGIN[0m
  ↳ bin/rails:9
  [1m[35m (0.1ms)[0m  [1m[35mCOMMIT[0m
  ↳ bin/rails:9
  [1m[35m (0.3ms)[0m  [1m[34mSELECT pg_advisory_unlock(5947462904764865085)[0m
  ↳ bin/rails:9
  [1m[35m (0.3ms)[0m  [1m[34mSELECT "schema_migrations"."version" FROM "schema_migrations" ORDER BY "schema_migrations"."version" ASC[0m
  ↳ bin/rails:9
  [1m[35m (33.0ms)[0m  [1m[34mSELECT "schema_migrations"."version" FROM "schema_migrations" ORDER BY "schema_migrations"."version" ASC[0m
  ↳ bin/rails:9
  [1m[35m (0.2ms)[0m  [1m[35mBEGIN[0m
  ↳ db/seeds.rb:9
  [1m[36mUser Exists (13.8ms)[0m  [1m[34mSELECT  1 AS one FROM "users" WHERE "users"."username" = $1 LIMIT $2[0m  [["username", "monet91"], ["LIMIT", 1]]
  ↳ db/seeds.rb:9
  [1m[36mUser Create (1.1ms)[0m  [1m[32mINSERT INTO "users" ("username", "created_at", "updated_at") VALUES ($1, $2, $3) RETURNING "id"[0m  [["username", "monet91"], ["created_at", "2019-01-29 00:58:21.310957"], ["updated_at", "2019-01-29 00:58:21.310957"]]
  ↳ db/seeds.rb:9
  [1m[35m (20.4ms)[0m  [1m[35mCOMMIT[0m
  ↳ db/seeds.rb:9
  [1m[35m (0.5ms)[0m  [1m[35mBEGIN[0m
  ↳ db/seeds.rb:9
  [1m[36mUser Exists (1.7ms)[0m  [1m[34mSELECT  1 AS one FROM "users" WHERE "users"."username" = $1 LIMIT $2[0m  [["username", "pablo2000"], ["LIMIT", 1]]
  ↳ db/seeds.rb:9
  [1m[36mUser Create (1.9ms)[0m  [1m[32mINSERT INTO "users" ("username", "created_at", "updated_at") VALUES ($1, $2, $3) RETURNING "id"[0m  [["username", "pablo2000"], ["created_at", "2019-01-29 00:58:21.340686"], ["updated_at", "2019-01-29 00:58:21.340686"]]
  ↳ db/seeds.rb:9
  [1m[35m (0.9ms)[0m  [1m[35mCOMMIT[0m
  ↳ db/seeds.rb:9
  [1m[35m (0.2ms)[0m  [1m[35mBEGIN[0m
  ↳ db/seeds.rb:9
  [1m[36mUser Exists (0.5ms)[0m  [1m[34mSELECT  1 AS one FROM "users" WHERE "users"."username" = $1 LIMIT $2[0m  [["username", "tommyboy"], ["LIMIT", 1]]
  ↳ db/seeds.rb:9
  [1m[36mUser Create (0.5ms)[0m  [1m[32mINSERT INTO "users" ("username", "created_at", "updated_at") VALUES ($1, $2, $3) RETURNING "id"[0m  [["username", "tommyboy"], ["created_at", "2019-01-29 00:58:21.347263"], ["updated_at", "2019-01-29 00:58:21.347263"]]
  ↳ db/seeds.rb:9
  [1m[35m (0.5ms)[0m  [1m[35mCOMMIT[0m
  ↳ db/seeds.rb:9
  [1m[35m (1.0ms)[0m  [1m[34mSELECT "schema_migrations"."version" FROM "schema_migrations" ORDER BY "schema_migrations"."version" ASC[0m
  ↳ bin/rails:9
  [1m[35m (0.2ms)[0m  [1m[35mBEGIN[0m
  ↳ db/seeds.rb:9
  [1m[36mUser Exists (1.0ms)[0m  [1m[34mSELECT  1 AS one FROM "users" WHERE "users"."username" = $1 LIMIT $2[0m  [["username", "monet91"], ["LIMIT", 1]]
  ↳ db/seeds.rb:9
  [1m[35m (0.3ms)[0m  [1m[31mROLLBACK[0m
  ↳ db/seeds.rb:9
  [1m[35m (0.9ms)[0m  [1m[34mSELECT "schema_migrations"."version" FROM "schema_migrations" ORDER BY "schema_migrations"."version" ASC[0m
  ↳ bin/rails:9
  [1m[35m (0.6ms)[0m  [1m[34mSELECT "schema_migrations"."version" FROM "schema_migrations" ORDER BY "schema_migrations"."version" ASC[0m
  ↳ bin/rails:9
  [1m[35m (0.3ms)[0m  [1m[34mSELECT "schema_migrations"."version" FROM "schema_migrations" ORDER BY "schema_migrations"."version" ASC[0m
  ↳ bin/rails:9
  [1m[35m (0.3ms)[0m  [1m[34mSELECT pg_try_advisory_lock(5947462904764865085)[0m
  ↳ bin/rails:9
  [1m[35m (0.3ms)[0m  [1m[34mSELECT "schema_migrations"."version" FROM "schema_migrations" ORDER BY "schema_migrations"."version" ASC[0m
  ↳ bin/rails:9
Migrating to CreateArtworkShares (20190129001913)
  [1m[35m (0.3ms)[0m  [1m[35mBEGIN[0m
  ↳ bin/rails:9
  [1m[35m (1.1ms)[0m  [1m[35mDROP INDEX  "index_artwork_shares_on_viewer_id_and_artwork_id"[0m
  ↳ bin/rails:9
  [1m[35m (1.9ms)[0m  [1m[35mDROP TABLE "artwork_shares"[0m
  ↳ bin/rails:9
  [1m[36mActiveRecord::SchemaMigration Destroy (3.2ms)[0m  [1m[31mDELETE FROM "schema_migrations" WHERE "schema_migrations"."version" = $1[0m  [["version", "20190129001913"]]
  ↳ bin/rails:9
  [1m[35m (45.2ms)[0m  [1m[35mCOMMIT[0m
  ↳ bin/rails:9
  [1m[35m (0.5ms)[0m  [1m[34mSELECT pg_advisory_unlock(5947462904764865085)[0m
  ↳ bin/rails:9
  [1m[35m (0.4ms)[0m  [1m[34mSELECT "schema_migrations"."version" FROM "schema_migrations" ORDER BY "schema_migrations"."version" ASC[0m
  ↳ bin/rails:9
  [1m[35m (0.3ms)[0m  [1m[34mSELECT pg_try_advisory_lock(5947462904764865085)[0m
  ↳ bin/rails:9
  [1m[35m (0.9ms)[0m  [1m[34mSELECT "schema_migrations"."version" FROM "schema_migrations" ORDER BY "schema_migrations"."version" ASC[0m
  ↳ bin/rails:9
Migrating to CreateArtworkShares (20190129001913)
  [1m[35m (0.3ms)[0m  [1m[35mBEGIN[0m
  ↳ bin/rails:9
  [1m[35m (25.7ms)[0m  [1m[35mCREATE TABLE "artwork_shares" ("id" bigserial primary key, "artwork_id" integer NOT NULL, "viewer_id" integer NOT NULL, "created_at" timestamp NOT NULL, "updated_at" timestamp NOT NULL)[0m
  ↳ db/migrate/20190129001913_create_artwork_shares.rb:3
  [1m[35m (1.3ms)[0m  [1m[35mCREATE UNIQUE INDEX  "index_artwork_shares_on_viewer_id_and_artwork_id" ON "artwork_shares"  ("viewer_id", "artwork_id")[0m
  ↳ db/migrate/20190129001913_create_artwork_shares.rb:9
  [1m[36mActiveRecord::SchemaMigration Create (14.3ms)[0m  [1m[32mINSERT INTO "schema_migrations" ("version") VALUES ($1) RETURNING "version"[0m  [["version", "20190129001913"]]
  ↳ bin/rails:9
  [1m[35m (0.7ms)[0m  [1m[35mCOMMIT[0m
  ↳ bin/rails:9
  [1m[36mActiveRecord::InternalMetadata Load (0.5ms)[0m  [1m[34mSELECT  "ar_internal_metadata".* FROM "ar_internal_metadata" WHERE "ar_internal_metadata"."key" = $1 LIMIT $2[0m  [["key", "environment"], ["LIMIT", 1]]
  ↳ bin/rails:9
  [1m[35m (0.2ms)[0m  [1m[35mBEGIN[0m
  ↳ bin/rails:9
  [1m[35m (0.2ms)[0m  [1m[35mCOMMIT[0m
  ↳ bin/rails:9
  [1m[35m (0.3ms)[0m  [1m[34mSELECT pg_advisory_unlock(5947462904764865085)[0m
  ↳ bin/rails:9
  [1m[35m (0.3ms)[0m  [1m[34mSELECT "schema_migrations"."version" FROM "schema_migrations" ORDER BY "schema_migrations"."version" ASC[0m
  ↳ bin/rails:9
  [1m[35m (1.1ms)[0m  [1m[34mSELECT "schema_migrations"."version" FROM "schema_migrations" ORDER BY "schema_migrations"."version" ASC[0m
  ↳ bin/rails:9
  [1m[35m (0.2ms)[0m  [1m[35mBEGIN[0m
  ↳ db/seeds.rb:9
  [1m[36mUser Exists (1.0ms)[0m  [1m[34mSELECT  1 AS one FROM "users" WHERE "users"."username" = $1 LIMIT $2[0m  [["username", "monet91"], ["LIMIT", 1]]
  ↳ db/seeds.rb:9
  [1m[35m (0.3ms)[0m  [1m[31mROLLBACK[0m
  ↳ db/seeds.rb:9
  [1m[35m (1.0ms)[0m  [1m[34mSELECT "schema_migrations"."version" FROM "schema_migrations" ORDER BY "schema_migrations"."version" ASC[0m
  ↳ bin/rails:9
  [1m[35m (0.3ms)[0m  [1m[35mBEGIN[0m
  ↳ db/seeds.rb:9
  [1m[36mUser Exists (0.9ms)[0m  [1m[34mSELECT  1 AS one FROM "users" WHERE "users"."username" = $1 LIMIT $2[0m  [["username", "monet911"], ["LIMIT", 1]]
  ↳ db/seeds.rb:9
  [1m[36mUser Create (19.7ms)[0m  [1m[32mINSERT INTO "users" ("username", "created_at", "updated_at") VALUES ($1, $2, $3) RETURNING "id"[0m  [["username", "monet911"], ["created_at", "2019-01-29 01:02:40.121918"], ["updated_at", "2019-01-29 01:02:40.121918"]]
  ↳ db/seeds.rb:9
  [1m[35m (11.9ms)[0m  [1m[35mCOMMIT[0m
  ↳ db/seeds.rb:9
  [1m[35m (0.2ms)[0m  [1m[35mBEGIN[0m
  ↳ db/seeds.rb:9
  [1m[36mUser Exists (0.4ms)[0m  [1m[34mSELECT  1 AS one FROM "users" WHERE "users"."username" = $1 LIMIT $2[0m  [["username", "pablo2001"], ["LIMIT", 1]]
  ↳ db/seeds.rb:9
  [1m[36mUser Create (0.4ms)[0m  [1m[32mINSERT INTO "users" ("username", "created_at", "updated_at") VALUES ($1, $2, $3) RETURNING "id"[0m  [["username", "pablo2001"], ["created_at", "2019-01-29 01:02:40.157439"], ["updated_at", "2019-01-29 01:02:40.157439"]]
  ↳ db/seeds.rb:9
  [1m[35m (0.6ms)[0m  [1m[35mCOMMIT[0m
  ↳ db/seeds.rb:9
  [1m[35m (0.2ms)[0m  [1m[35mBEGIN[0m
  ↳ db/seeds.rb:9
  [1m[36mUser Exists (0.4ms)[0m  [1m[34mSELECT  1 AS one FROM "users" WHERE "users"."username" = $1 LIMIT $2[0m  [["username", "tommyboy1"], ["LIMIT", 1]]
  ↳ db/seeds.rb:9
  [1m[36mUser Create (0.4ms)[0m  [1m[32mINSERT INTO "users" ("username", "created_at", "updated_at") VALUES ($1, $2, $3) RETURNING "id"[0m  [["username", "tommyboy1"], ["created_at", "2019-01-29 01:02:40.161121"], ["updated_at", "2019-01-29 01:02:40.161121"]]
  ↳ db/seeds.rb:9
  [1m[35m (0.6ms)[0m  [1m[35mCOMMIT[0m
  ↳ db/seeds.rb:9
  [1m[35m (0.3ms)[0m  [1m[35mBEGIN[0m
  ↳ db/seeds.rb:10
  [1m[36mUser Load (0.4ms)[0m  [1m[34mSELECT  "users".* FROM "users" WHERE "users"."id" = $1 LIMIT $2[0m  [["id", 1], ["LIMIT", 1]]
  ↳ db/seeds.rb:10
  [1m[36mArtwork Create (8.3ms)[0m  [1m[32mINSERT INTO "artworks" ("title", "image_url", "artist_id", "created_at", "updated_at") VALUES ($1, $2, $3, $4, $5) RETURNING "id"[0m  [["title", "Sandstorm"], ["image_url", "artstorm.com/artstuff1"], ["artist_id", 1], ["created_at", "2019-01-29 01:02:40.344797"], ["updated_at", "2019-01-29 01:02:40.344797"]]
  ↳ db/seeds.rb:10
  [1m[35m (0.5ms)[0m  [1m[35mCOMMIT[0m
  ↳ db/seeds.rb:10
  [1m[35m (0.2ms)[0m  [1m[35mBEGIN[0m
  ↳ db/seeds.rb:10
  [1m[36mUser Load (0.4ms)[0m  [1m[34mSELECT  "users".* FROM "users" WHERE "users"."id" = $1 LIMIT $2[0m  [["id", 2], ["LIMIT", 1]]
  ↳ db/seeds.rb:10
  [1m[36mArtwork Create (0.4ms)[0m  [1m[32mINSERT INTO "artworks" ("title", "image_url", "artist_id", "created_at", "updated_at") VALUES ($1, $2, $3, $4, $5) RETURNING "id"[0m  [["title", "Geese"], ["image_url", "artstorm.com/artstuff2"], ["artist_id", 2], ["created_at", "2019-01-29 01:02:40.357289"], ["updated_at", "2019-01-29 01:02:40.357289"]]
  ↳ db/seeds.rb:10
  [1m[35m (0.8ms)[0m  [1m[35mCOMMIT[0m
  ↳ db/seeds.rb:10
  [1m[35m (0.2ms)[0m  [1m[35mBEGIN[0m
  ↳ db/seeds.rb:10
  [1m[36mUser Load (0.3ms)[0m  [1m[34mSELECT  "users".* FROM "users" WHERE "users"."id" = $1 LIMIT $2[0m  [["id", 2], ["LIMIT", 1]]
  ↳ db/seeds.rb:10
  [1m[36mArtwork Create (0.4ms)[0m  [1m[32mINSERT INTO "artworks" ("title", "image_url", "artist_id", "created_at", "updated_at") VALUES ($1, $2, $3, $4, $5) RETURNING "id"[0m  [["title", "People Walking Around"], ["image_url", "artstorm.com/artstuff27"], ["artist_id", 2], ["created_at", "2019-01-29 01:02:40.361595"], ["updated_at", "2019-01-29 01:02:40.361595"]]
  ↳ db/seeds.rb:10
  [1m[35m (0.6ms)[0m  [1m[35mCOMMIT[0m
  ↳ db/seeds.rb:10
  [1m[35m (0.2ms)[0m  [1m[35mBEGIN[0m
  ↳ db/seeds.rb:10
  [1m[36mUser Load (0.4ms)[0m  [1m[34mSELECT  "users".* FROM "users" WHERE "users"."id" = $1 LIMIT $2[0m  [["id", 3], ["LIMIT", 1]]
  ↳ db/seeds.rb:10
  [1m[36mArtwork Create (0.5ms)[0m  [1m[32mINSERT INTO "artworks" ("title", "image_url", "artist_id", "created_at", "updated_at") VALUES ($1, $2, $3, $4, $5) RETURNING "id"[0m  [["title", "Untitled"], ["image_url", "artstorm.com/artstuff0"], ["artist_id", 3], ["created_at", "2019-01-29 01:02:40.366033"], ["updated_at", "2019-01-29 01:02:40.366033"]]
  ↳ db/seeds.rb:10
  [1m[35m (0.5ms)[0m  [1m[35mCOMMIT[0m
  ↳ db/seeds.rb:10
  [1m[35m (0.2ms)[0m  [1m[35mBEGIN[0m
  ↳ db/seeds.rb:13
  [1m[36mUser Load (0.4ms)[0m  [1m[34mSELECT  "users".* FROM "users" WHERE "users"."id" = $1 LIMIT $2[0m  [["id", 2], ["LIMIT", 1]]
  ↳ db/seeds.rb:13
  [1m[36mArtwork Load (0.4ms)[0m  [1m[34mSELECT  "artworks".* FROM "artworks" WHERE "artworks"."id" = $1 LIMIT $2[0m  [["id", 1], ["LIMIT", 1]]
  ↳ db/seeds.rb:13
  [1m[36mArtworkShare Create (8.1ms)[0m  [1m[32mINSERT INTO "artwork_shares" ("artwork_id", "viewer_id", "created_at", "updated_at") VALUES ($1, $2, $3, $4) RETURNING "id"[0m  [["artwork_id", 1], ["viewer_id", 2], ["created_at", "2019-01-29 01:02:40.415352"], ["updated_at", "2019-01-29 01:02:40.415352"]]
  ↳ db/seeds.rb:13
  [1m[35m (0.5ms)[0m  [1m[35mCOMMIT[0m
  ↳ db/seeds.rb:13
  [1m[35m (0.2ms)[0m  [1m[35mBEGIN[0m
  ↳ db/seeds.rb:13
  [1m[36mUser Load (0.4ms)[0m  [1m[34mSELECT  "users".* FROM "users" WHERE "users"."id" = $1 LIMIT $2[0m  [["id", 1], ["LIMIT", 1]]
  ↳ db/seeds.rb:13
  [1m[36mArtwork Load (0.3ms)[0m  [1m[34mSELECT  "artworks".* FROM "artworks" WHERE "artworks"."id" = $1 LIMIT $2[0m  [["id", 2], ["LIMIT", 1]]
  ↳ db/seeds.rb:13
  [1m[36mArtworkShare Create (0.4ms)[0m  [1m[32mINSERT INTO "artwork_shares" ("artwork_id", "viewer_id", "created_at", "updated_at") VALUES ($1, $2, $3, $4) RETURNING "id"[0m  [["artwork_id", 2], ["viewer_id", 1], ["created_at", "2019-01-29 01:02:40.428664"], ["updated_at", "2019-01-29 01:02:40.428664"]]
  ↳ db/seeds.rb:13
  [1m[35m (0.5ms)[0m  [1m[35mCOMMIT[0m
  ↳ db/seeds.rb:13
  [1m[35m (0.1ms)[0m  [1m[35mBEGIN[0m
  ↳ db/seeds.rb:13
  [1m[36mUser Load (0.3ms)[0m  [1m[34mSELECT  "users".* FROM "users" WHERE "users"."id" = $1 LIMIT $2[0m  [["id", 3], ["LIMIT", 1]]
  ↳ db/seeds.rb:13
  [1m[36mArtwork Load (0.4ms)[0m  [1m[34mSELECT  "artworks".* FROM "artworks" WHERE "artworks"."id" = $1 LIMIT $2[0m  [["id", 2], ["LIMIT", 1]]
  ↳ db/seeds.rb:13
  [1m[36mArtworkShare Create (0.5ms)[0m  [1m[32mINSERT INTO "artwork_shares" ("artwork_id", "viewer_id", "created_at", "updated_at") VALUES ($1, $2, $3, $4) RETURNING "id"[0m  [["artwork_id", 2], ["viewer_id", 3], ["created_at", "2019-01-29 01:02:40.434289"], ["updated_at", "2019-01-29 01:02:40.434289"]]
  ↳ db/seeds.rb:13
  [1m[35m (0.6ms)[0m  [1m[35mCOMMIT[0m
  ↳ db/seeds.rb:13
  [1m[35m (0.2ms)[0m  [1m[35mBEGIN[0m
  ↳ db/seeds.rb:13
  [1m[36mUser Load (0.3ms)[0m  [1m[34mSELECT  "users".* FROM "users" WHERE "users"."id" = $1 LIMIT $2[0m  [["id", 2], ["LIMIT", 1]]
  ↳ db/seeds.rb:13
  [1m[36mArtwork Load (0.5ms)[0m  [1m[34mSELECT  "artworks".* FROM "artworks" WHERE "artworks"."id" = $1 LIMIT $2[0m  [["id", 3], ["LIMIT", 1]]
  ↳ db/seeds.rb:13
  [1m[36mArtworkShare Create (0.4ms)[0m  [1m[32mINSERT INTO "artwork_shares" ("artwork_id", "viewer_id", "created_at", "updated_at") VALUES ($1, $2, $3, $4) RETURNING "id"[0m  [["artwork_id", 3], ["viewer_id", 2], ["created_at", "2019-01-29 01:02:40.440059"], ["updated_at", "2019-01-29 01:02:40.440059"]]
  ↳ db/seeds.rb:13
  [1m[35m (0.6ms)[0m  [1m[35mCOMMIT[0m
  ↳ db/seeds.rb:13
  [1m[36mUser Load (1.0ms)[0m  [1m[34mSELECT "users".* FROM "users"[0m
  [1m[36mArtwork Load (0.9ms)[0m  [1m[34mSELECT "artworks".* FROM "artworks"[0m
Started GET "/users/5" for 127.0.0.1 at 2019-01-28 17:06:21 -0800
  [1m[35m (1.2ms)[0m  [1m[34mSELECT "schema_migrations"."version" FROM "schema_migrations" ORDER BY "schema_migrations"."version" ASC[0m
  ↳ /usr/local/var/rbenv/versions/2.5.0/lib/ruby/gems/2.5.0/gems/activerecord-5.2.2/lib/active_record/log_subscriber.rb:98
Processing by UsersController#show as */*
  Parameters: {"id"=>"5"}
  [1m[36mUser Load (0.6ms)[0m  [1m[34mSELECT  "users".* FROM "users" WHERE "users"."id" = $1 LIMIT $2[0m  [["id", 5], ["LIMIT", 1]]
  ↳ app/controllers/users_controller.rb:22
Completed 200 OK in 84ms (Views: 1.2ms | ActiveRecord: 8.2ms)


Started GET "/users" for 127.0.0.1 at 2019-01-28 17:06:43 -0800
Processing by UsersController#index as */*
  [1m[36mUser Load (0.8ms)[0m  [1m[34mSELECT "users".* FROM "users"[0m
  ↳ app/controllers/users_controller.rb:5
Completed 200 OK in 7ms (Views: 4.5ms | ActiveRecord: 0.8ms)


Started GET "/artworks" for 127.0.0.1 at 2019-01-28 17:07:00 -0800
  
ActionController::RoutingError (No route matches [GET] "/artworks"):
  
actionpack (5.2.2) lib/action_dispatch/middleware/debug_exceptions.rb:65:in `call'
web-console (3.7.0) lib/web_console/middleware.rb:135:in `call_app'
web-console (3.7.0) lib/web_console/middleware.rb:30:in `block in call'
web-console (3.7.0) lib/web_console/middleware.rb:20:in `catch'
web-console (3.7.0) lib/web_console/middleware.rb:20:in `call'
actionpack (5.2.2) lib/action_dispatch/middleware/show_exceptions.rb:33:in `call'
railties (5.2.2) lib/rails/rack/logger.rb:38:in `call_app'
railties (5.2.2) lib/rails/rack/logger.rb:26:in `block in call'
activesupport (5.2.2) lib/active_support/tagged_logging.rb:71:in `block in tagged'
activesupport (5.2.2) lib/active_support/tagged_logging.rb:28:in `tagged'
activesupport (5.2.2) lib/active_support/tagged_logging.rb:71:in `tagged'
railties (5.2.2) lib/rails/rack/logger.rb:26:in `call'
sprockets-rails (3.2.1) lib/sprockets/rails/quiet_assets.rb:13:in `call'
actionpack (5.2.2) lib/action_dispatch/middleware/remote_ip.rb:81:in `call'
actionpack (5.2.2) lib/action_dispatch/middleware/request_id.rb:27:in `call'
rack (2.0.6) lib/rack/method_override.rb:22:in `call'
rack (2.0.6) lib/rack/runtime.rb:22:in `call'
activesupport (5.2.2) lib/active_support/cache/strategy/local_cache_middleware.rb:29:in `call'
actionpack (5.2.2) lib/action_dispatch/middleware/executor.rb:14:in `call'
actionpack (5.2.2) lib/action_dispatch/middleware/static.rb:127:in `call'
rack (2.0.6) lib/rack/sendfile.rb:111:in `call'
railties (5.2.2) lib/rails/engine.rb:524:in `call'
puma (3.12.0) lib/puma/configuration.rb:225:in `call'
puma (3.12.0) lib/puma/server.rb:658:in `handle_request'
puma (3.12.0) lib/puma/server.rb:472:in `process_client'
puma (3.12.0) lib/puma/server.rb:332:in `block in run'
puma (3.12.0) lib/puma/thread_pool.rb:133:in `block in spawn_thread'
Started GET "/users" for 127.0.0.1 at 2019-01-28 17:07:15 -0800
Processing by UsersController#index as */*
  [1m[36mUser Load (1.3ms)[0m  [1m[34mSELECT "users".* FROM "users"[0m
  ↳ app/controllers/users_controller.rb:5
Completed 200 OK in 8ms (Views: 6.0ms | ActiveRecord: 1.3ms)


Started POST "/users?username=artguy0987" for 127.0.0.1 at 2019-01-28 17:07:46 -0800
Processing by UsersController#create as */*
  Parameters: {"username"=>"artguy0987"}
Completed 400 Bad Request in 1ms (ActiveRecord: 0.0ms)



ActionController::ParameterMissing - param is missing or the value is empty: user:
  app/controllers/users_controller.rb:48:in `user_params'
  app/controllers/users_controller.rb:9:in `create'

Started POST "/users?user[username]=artguy0987" for 127.0.0.1 at 2019-01-28 17:07:59 -0800
Processing by UsersController#create as */*
  Parameters: {"user"=>{"username"=>"artguy0987"}}
  [1m[35m (0.2ms)[0m  [1m[35mBEGIN[0m
  ↳ app/controllers/users_controller.rb:12
  [1m[36mUser Exists (1.7ms)[0m  [1m[34mSELECT  1 AS one FROM "users" WHERE "users"."username" = $1 LIMIT $2[0m  [["username", "artguy0987"], ["LIMIT", 1]]
  ↳ app/controllers/users_controller.rb:12
  [1m[36mUser Create (2.5ms)[0m  [1m[32mINSERT INTO "users" ("username", "created_at", "updated_at") VALUES ($1, $2, $3) RETURNING "id"[0m  [["username", "artguy0987"], ["created_at", "2019-01-29 01:07:59.485844"], ["updated_at", "2019-01-29 01:07:59.485844"]]
  ↳ app/controllers/users_controller.rb:12
  [1m[35m (22.9ms)[0m  [1m[35mCOMMIT[0m
  ↳ app/controllers/users_controller.rb:12
Completed 200 OK in 40ms (Views: 2.3ms | ActiveRecord: 27.4ms)


Started DELETE "/users/7" for 127.0.0.1 at 2019-01-28 17:08:29 -0800
Processing by UsersController#destroy as */*
  Parameters: {"id"=>"7"}
  [1m[36mUser Load (1.1ms)[0m  [1m[34mSELECT  "users".* FROM "users" WHERE "users"."id" = $1 LIMIT $2[0m  [["id", 7], ["LIMIT", 1]]
  ↳ app/controllers/users_controller.rb:39
  [1m[35m (0.2ms)[0m  [1m[35mBEGIN[0m
  ↳ app/controllers/users_controller.rb:41
  [1m[36mUser Destroy (0.7ms)[0m  [1m[31mDELETE FROM "users" WHERE "users"."id" = $1[0m  [["id", 7]]
  ↳ app/controllers/users_controller.rb:41
  [1m[35m (0.4ms)[0m  [1m[35mCOMMIT[0m
  ↳ app/controllers/users_controller.rb:41
Completed 200 OK in 8ms (Views: 0.4ms | ActiveRecord: 2.4ms)


Started DELETE "/users/3" for 127.0.0.1 at 2019-01-28 17:13:13 -0800
Processing by UsersController#destroy as */*
  Parameters: {"id"=>"3"}
  [1m[36mUser Load (0.8ms)[0m  [1m[34mSELECT  "users".* FROM "users" WHERE "users"."id" = $1 LIMIT $2[0m  [["id", 3], ["LIMIT", 1]]
  ↳ app/controllers/users_controller.rb:39
  [1m[35m (0.2ms)[0m  [1m[35mBEGIN[0m
  ↳ app/controllers/users_controller.rb:41
  [1m[36mArtwork Load (0.9ms)[0m  [1m[34mSELECT "artworks".* FROM "artworks" WHERE "artworks"."artist_id" = $1[0m  [["artist_id", 3]]
  ↳ app/controllers/users_controller.rb:41
  [1m[36mArtwork Destroy (0.7ms)[0m  [1m[31mDELETE FROM "artworks" WHERE "artworks"."id" = $1[0m  [["id", 4]]
  ↳ app/controllers/users_controller.rb:41
  [1m[36mArtworkShare Load (0.7ms)[0m  [1m[34mSELECT "artwork_shares".* FROM "artwork_shares" WHERE "artwork_shares"."viewer_id" = $1[0m  [["viewer_id", 3]]
  ↳ app/controllers/users_controller.rb:41
  [1m[36mArtworkShare Destroy (0.9ms)[0m  [1m[31mDELETE FROM "artwork_shares" WHERE "artwork_shares"."id" = $1[0m  [["id", 3]]
  ↳ app/controllers/users_controller.rb:41
  [1m[36mUser Destroy (0.5ms)[0m  [1m[31mDELETE FROM "users" WHERE "users"."id" = $1[0m  [["id", 3]]
  ↳ app/controllers/users_controller.rb:41
  [1m[35m (0.4ms)[0m  [1m[35mCOMMIT[0m
  ↳ app/controllers/users_controller.rb:41
Completed 200 OK in 275ms (Views: 1.1ms | ActiveRecord: 25.8ms)


Started GET "/users" for 127.0.0.1 at 2019-01-28 17:13:46 -0800
Processing by UsersController#index as */*
  [1m[36mUser Load (1.6ms)[0m  [1m[34mSELECT "users".* FROM "users"[0m
  ↳ app/controllers/users_controller.rb:5
Completed 200 OK in 5ms (Views: 2.5ms | ActiveRecord: 1.6ms)


Started GET "/users/2" for 127.0.0.1 at 2019-01-28 17:14:00 -0800
Processing by UsersController#show as */*
  Parameters: {"id"=>"2"}
  [1m[36mUser Load (1.4ms)[0m  [1m[34mSELECT  "users".* FROM "users" WHERE "users"."id" = $1 LIMIT $2[0m  [["id", 2], ["LIMIT", 1]]
  ↳ app/controllers/users_controller.rb:22
Completed 200 OK in 4ms (Views: 0.6ms | ActiveRecord: 1.4ms)


Started PATCH "/users/2?users[username]=pablo1999" for 127.0.0.1 at 2019-01-28 17:14:31 -0800
Processing by UsersController#update as */*
  Parameters: {"users"=>{"username"=>"pablo1999"}, "id"=>"2"}
  [1m[36mUser Load (2.4ms)[0m  [1m[34mSELECT  "users".* FROM "users" WHERE "users"."id" = $1 LIMIT $2[0m  [["id", 2], ["LIMIT", 1]]
  ↳ app/controllers/users_controller.rb:28
Completed 400 Bad Request in 5ms (ActiveRecord: 2.4ms)



ActionController::ParameterMissing - param is missing or the value is empty: user:
  app/controllers/users_controller.rb:48:in `user_params'
  app/controllers/users_controller.rb:30:in `update'

Started PATCH "/users/2?user[username]=pablo1999" for 127.0.0.1 at 2019-01-28 17:14:39 -0800
Processing by UsersController#update as */*
  Parameters: {"user"=>{"username"=>"pablo1999"}, "id"=>"2"}
  [1m[36mUser Load (1.2ms)[0m  [1m[34mSELECT  "users".* FROM "users" WHERE "users"."id" = $1 LIMIT $2[0m  [["id", 2], ["LIMIT", 1]]
  ↳ app/controllers/users_controller.rb:28
  [1m[35m (0.2ms)[0m  [1m[35mBEGIN[0m
  ↳ app/controllers/users_controller.rb:30
  [1m[36mUser Exists (1.9ms)[0m  [1m[34mSELECT  1 AS one FROM "users" WHERE "users"."username" = $1 AND "users"."id" != $2 LIMIT $3[0m  [["username", "pablo1999"], ["id", 2], ["LIMIT", 1]]
  ↳ app/controllers/users_controller.rb:30
  [1m[36mUser Update (1.1ms)[0m  [1m[33mUPDATE "users" SET "username" = $1, "updated_at" = $2 WHERE "users"."id" = $3[0m  [["username", "pablo1999"], ["updated_at", "2019-01-29 01:14:39.715648"], ["id", 2]]
  ↳ app/controllers/users_controller.rb:30
  [1m[35m (0.6ms)[0m  [1m[35mCOMMIT[0m
  ↳ app/controllers/users_controller.rb:30
Completed 200 OK in 16ms (Views: 0.5ms | ActiveRecord: 5.0ms)


Started GET "/artworks" for 127.0.0.1 at 2019-01-28 17:23:40 -0800
  
ActionController::RoutingError (No route matches [GET] "/artworks"):
  
actionpack (5.2.2) lib/action_dispatch/middleware/debug_exceptions.rb:65:in `call'
web-console (3.7.0) lib/web_console/middleware.rb:135:in `call_app'
web-console (3.7.0) lib/web_console/middleware.rb:30:in `block in call'
web-console (3.7.0) lib/web_console/middleware.rb:20:in `catch'
web-console (3.7.0) lib/web_console/middleware.rb:20:in `call'
actionpack (5.2.2) lib/action_dispatch/middleware/show_exceptions.rb:33:in `call'
railties (5.2.2) lib/rails/rack/logger.rb:38:in `call_app'
railties (5.2.2) lib/rails/rack/logger.rb:26:in `block in call'
activesupport (5.2.2) lib/active_support/tagged_logging.rb:71:in `block in tagged'
activesupport (5.2.2) lib/active_support/tagged_logging.rb:28:in `tagged'
activesupport (5.2.2) lib/active_support/tagged_logging.rb:71:in `tagged'
railties (5.2.2) lib/rails/rack/logger.rb:26:in `call'
sprockets-rails (3.2.1) lib/sprockets/rails/quiet_assets.rb:13:in `call'
actionpack (5.2.2) lib/action_dispatch/middleware/remote_ip.rb:81:in `call'
actionpack (5.2.2) lib/action_dispatch/middleware/request_id.rb:27:in `call'
rack (2.0.6) lib/rack/method_override.rb:22:in `call'
rack (2.0.6) lib/rack/runtime.rb:22:in `call'
activesupport (5.2.2) lib/active_support/cache/strategy/local_cache_middleware.rb:29:in `call'
actionpack (5.2.2) lib/action_dispatch/middleware/executor.rb:14:in `call'
actionpack (5.2.2) lib/action_dispatch/middleware/static.rb:127:in `call'
rack (2.0.6) lib/rack/sendfile.rb:111:in `call'
railties (5.2.2) lib/rails/engine.rb:524:in `call'
puma (3.12.0) lib/puma/configuration.rb:225:in `call'
puma (3.12.0) lib/puma/server.rb:658:in `handle_request'
puma (3.12.0) lib/puma/server.rb:472:in `process_client'
puma (3.12.0) lib/puma/server.rb:332:in `block in run'
puma (3.12.0) lib/puma/thread_pool.rb:133:in `block in spawn_thread'
Started GET "/artworks" for 127.0.0.1 at 2019-01-28 17:24:13 -0800
  [1m[35m (21.9ms)[0m  [1m[34mSELECT "schema_migrations"."version" FROM "schema_migrations" ORDER BY "schema_migrations"."version" ASC[0m
  ↳ /usr/local/var/rbenv/versions/2.5.0/lib/ruby/gems/2.5.0/gems/activerecord-5.2.2/lib/active_record/log_subscriber.rb:98
  
ActionController::RoutingError (No route matches [GET] "/artworks"):
  
actionpack (5.2.2) lib/action_dispatch/middleware/debug_exceptions.rb:65:in `call'
web-console (3.7.0) lib/web_console/middleware.rb:135:in `call_app'
web-console (3.7.0) lib/web_console/middleware.rb:30:in `block in call'
web-console (3.7.0) lib/web_console/middleware.rb:20:in `catch'
web-console (3.7.0) lib/web_console/middleware.rb:20:in `call'
actionpack (5.2.2) lib/action_dispatch/middleware/show_exceptions.rb:33:in `call'
railties (5.2.2) lib/rails/rack/logger.rb:38:in `call_app'
railties (5.2.2) lib/rails/rack/logger.rb:26:in `block in call'
activesupport (5.2.2) lib/active_support/tagged_logging.rb:71:in `block in tagged'
activesupport (5.2.2) lib/active_support/tagged_logging.rb:28:in `tagged'
activesupport (5.2.2) lib/active_support/tagged_logging.rb:71:in `tagged'
railties (5.2.2) lib/rails/rack/logger.rb:26:in `call'
sprockets-rails (3.2.1) lib/sprockets/rails/quiet_assets.rb:13:in `call'
actionpack (5.2.2) lib/action_dispatch/middleware/remote_ip.rb:81:in `call'
actionpack (5.2.2) lib/action_dispatch/middleware/request_id.rb:27:in `call'
rack (2.0.6) lib/rack/method_override.rb:22:in `call'
rack (2.0.6) lib/rack/runtime.rb:22:in `call'
activesupport (5.2.2) lib/active_support/cache/strategy/local_cache_middleware.rb:29:in `call'
actionpack (5.2.2) lib/action_dispatch/middleware/executor.rb:14:in `call'
actionpack (5.2.2) lib/action_dispatch/middleware/static.rb:127:in `call'
rack (2.0.6) lib/rack/sendfile.rb:111:in `call'
railties (5.2.2) lib/rails/engine.rb:524:in `call'
puma (3.12.0) lib/puma/configuration.rb:225:in `call'
puma (3.12.0) lib/puma/server.rb:658:in `handle_request'
puma (3.12.0) lib/puma/server.rb:472:in `process_client'
puma (3.12.0) lib/puma/server.rb:332:in `block in run'
puma (3.12.0) lib/puma/thread_pool.rb:133:in `block in spawn_thread'
Started GET "/artworks/1" for 127.0.0.1 at 2019-01-28 17:24:23 -0800
  
ActionController::RoutingError (No route matches [GET] "/artworks/1"):
  
actionpack (5.2.2) lib/action_dispatch/middleware/debug_exceptions.rb:65:in `call'
web-console (3.7.0) lib/web_console/middleware.rb:135:in `call_app'
web-console (3.7.0) lib/web_console/middleware.rb:30:in `block in call'
web-console (3.7.0) lib/web_console/middleware.rb:20:in `catch'
web-console (3.7.0) lib/web_console/middleware.rb:20:in `call'
actionpack (5.2.2) lib/action_dispatch/middleware/show_exceptions.rb:33:in `call'
railties (5.2.2) lib/rails/rack/logger.rb:38:in `call_app'
railties (5.2.2) lib/rails/rack/logger.rb:26:in `block in call'
activesupport (5.2.2) lib/active_support/tagged_logging.rb:71:in `block in tagged'
activesupport (5.2.2) lib/active_support/tagged_logging.rb:28:in `tagged'
activesupport (5.2.2) lib/active_support/tagged_logging.rb:71:in `tagged'
railties (5.2.2) lib/rails/rack/logger.rb:26:in `call'
sprockets-rails (3.2.1) lib/sprockets/rails/quiet_assets.rb:13:in `call'
actionpack (5.2.2) lib/action_dispatch/middleware/remote_ip.rb:81:in `call'
actionpack (5.2.2) lib/action_dispatch/middleware/request_id.rb:27:in `call'
rack (2.0.6) lib/rack/method_override.rb:22:in `call'
rack (2.0.6) lib/rack/runtime.rb:22:in `call'
activesupport (5.2.2) lib/active_support/cache/strategy/local_cache_middleware.rb:29:in `call'
actionpack (5.2.2) lib/action_dispatch/middleware/executor.rb:14:in `call'
actionpack (5.2.2) lib/action_dispatch/middleware/static.rb:127:in `call'
rack (2.0.6) lib/rack/sendfile.rb:111:in `call'
railties (5.2.2) lib/rails/engine.rb:524:in `call'
puma (3.12.0) lib/puma/configuration.rb:225:in `call'
puma (3.12.0) lib/puma/server.rb:658:in `handle_request'
puma (3.12.0) lib/puma/server.rb:472:in `process_client'
puma (3.12.0) lib/puma/server.rb:332:in `block in run'
puma (3.12.0) lib/puma/thread_pool.rb:133:in `block in spawn_thread'
Started GET "/artworks/1" for 127.0.0.1 at 2019-01-28 17:24:57 -0800
  [1m[35m (23.3ms)[0m  [1m[34mSELECT "schema_migrations"."version" FROM "schema_migrations" ORDER BY "schema_migrations"."version" ASC[0m
  ↳ /usr/local/var/rbenv/versions/2.5.0/lib/ruby/gems/2.5.0/gems/activerecord-5.2.2/lib/active_record/log_subscriber.rb:98
Processing by ArtworksController#show as */*
  Parameters: {"id"=>"1"}
  [1m[36mArtwork Load (0.6ms)[0m  [1m[34mSELECT  "artworks".* FROM "artworks" WHERE "artworks"."id" = $1 LIMIT $2[0m  [["id", 1], ["LIMIT", 1]]
  ↳ app/controllers/artworks_controller.rb:22
Completed 200 OK in 171ms (Views: 0.8ms | ActiveRecord: 8.5ms)


Started GET "/artworks" for 127.0.0.1 at 2019-01-28 17:25:10 -0800
Processing by ArtworksController#index as */*
  [1m[36mArtwork Load (4.2ms)[0m  [1m[34mSELECT "artworks".* FROM "artworks"[0m
  ↳ app/controllers/artworks_controller.rb:5
Completed 200 OK in 8ms (Views: 3.0ms | ActiveRecord: 4.2ms)


Started POST "/artworks?artwork[title]=SubwayEatFresh&artwork[image_url]=artttts.com&artwork[artist_id]=" for 127.0.0.1 at 2019-01-28 17:28:21 -0800
Processing by ArtworksController#create as */*
  Parameters: {"artwork"=>{"title"=>"SubwayEatFresh", "image_url"=>"artttts.com", "artist_id"=>""}}
  [1m[35m (0.2ms)[0m  [1m[35mBEGIN[0m
  ↳ app/controllers/artworks_controller.rb:12
  [1m[35m (0.2ms)[0m  [1m[31mROLLBACK[0m
  ↳ app/controllers/artworks_controller.rb:12
Completed 422 Unprocessable Entity in 37ms (Views: 0.3ms | ActiveRecord: 0.4ms)


Started POST "/artworks?artwork[title]=SubwayEatFresh&artwork[image_url]=artttts.com&artwork[artist_id]=4" for 127.0.0.1 at 2019-01-28 17:28:39 -0800
Processing by ArtworksController#create as */*
  Parameters: {"artwork"=>{"title"=>"SubwayEatFresh", "image_url"=>"artttts.com", "artist_id"=>"4"}}
  [1m[35m (0.3ms)[0m  [1m[35mBEGIN[0m
  ↳ app/controllers/artworks_controller.rb:12
  [1m[36mUser Load (0.7ms)[0m  [1m[34mSELECT  "users".* FROM "users" WHERE "users"."id" = $1 LIMIT $2[0m  [["id", 4], ["LIMIT", 1]]
  ↳ app/controllers/artworks_controller.rb:12
  [1m[36mArtwork Create (17.1ms)[0m  [1m[32mINSERT INTO "artworks" ("title", "image_url", "artist_id", "created_at", "updated_at") VALUES ($1, $2, $3, $4, $5) RETURNING "id"[0m  [["title", "SubwayEatFresh"], ["image_url", "artttts.com"], ["artist_id", 4], ["created_at", "2019-01-29 01:28:39.431363"], ["updated_at", "2019-01-29 01:28:39.431363"]]
  ↳ app/controllers/artworks_controller.rb:12
  [1m[35m (22.7ms)[0m  [1m[35mCOMMIT[0m
  ↳ app/controllers/artworks_controller.rb:12
Completed 200 OK in 109ms (Views: 1.1ms | ActiveRecord: 48.7ms)


